2024-03-10 17:07:50,317 [INFO] Activator:176 - 


2024-03-10 17:07:50,319 [INFO] Activator:177 - !SESSION log4j initialized
2024-03-10 17:07:53,021 [INFO] LogOutputStream:77 - [STDOUT_REDIRECT] 
2024-03-10 17:07:54,380 [INFO] ApplicationProperties:184 - Using Application install path: /opt/st/stm32cubeide_1.14.0/plugins/com.st.stm32cube.common.mx_6.10.0.202311202037
2024-03-10 17:07:54,391 [INFO] DbMcusXml:78 - Set database path to: /opt/st/stm32cubeide_1.14.0/plugins/com.st.stm32cube.common.mx_6.10.0.202311202037//db//mcu/
2024-03-10 17:07:54,392 [INFO] ApiDb:274 - Set plugin database path to: /opt/st/stm32cubeide_1.14.0/plugins/com.st.stm32cube.common.mx_6.10.0.202311202037//db//plugins/boardmanager/
2024-03-10 17:07:54,392 [WARN] ApiDb:259 - Overriding images path with different value:  => /opt/st/stm32cubeide_1.14.0/plugins/com.st.stm32cube.common.mx_6.10.0.202311202037//db//plugins/mcufinder/images/
2024-03-10 17:07:54,398 [INFO] ApiDb:250 - Set database path to: /home/lpmeoli/.stmcufinder/plugins/mcufinder//mcu/
2024-03-10 17:07:54,399 [INFO] DbMcusAds:125 - Set database path to: /home/lpmeoli/.stmcufinder/plugins/mcufinder//mcu/
2024-03-10 17:07:54,400 [INFO] CrossReferenceDbSqlite:203 - Set database path to: /home/lpmeoli/.stmcufinder/plugins/mcufinder//mcu/cs/
2024-03-10 17:07:54,470 [INFO] RulesReader:64 - Compatibility file has been processed (297 Rules)
2024-03-10 17:07:54,508 [INFO] DbMcusXml:78 - Set database path to: /opt/st/stm32cubeide_1.14.0/plugins/com.st.stm32cube.common.mx_6.10.0.202311202037//db//mcu/
2024-03-10 17:07:54,508 [INFO] ApiDb:274 - Set plugin database path to: /opt/st/stm32cubeide_1.14.0/plugins/com.st.stm32cube.common.mx_6.10.0.202311202037//db//plugins/boardmanager/
2024-03-10 17:07:54,508 [INFO] ApiDb:261 - Set plugin images path to: /opt/st/stm32cubeide_1.14.0/plugins/com.st.stm32cube.common.mx_6.10.0.202311202037//db//plugins/mcufinder/images/
2024-03-10 17:07:54,508 [WARN] DbFile:41 - Overriding database path with different value: /home/lpmeoli/.stmcufinder/plugins/mcufinder/ => /home/lpmeoli/.stmcufinder/plugins/mcufinder
2024-03-10 17:07:54,508 [INFO] ApiDb:250 - Set database path to: /home/lpmeoli/.stmcufinder/plugins/mcufinder//mcu/
2024-03-10 17:07:54,508 [WARN] DbFile:41 - Overriding database path with different value: /home/lpmeoli/.stmcufinder/plugins/mcufinder/ => /home/lpmeoli/.stmcufinder/plugins/mcufinder
2024-03-10 17:07:54,508 [INFO] DbMcusAds:125 - Set database path to: /home/lpmeoli/.stmcufinder/plugins/mcufinder//mcu/
2024-03-10 17:07:54,508 [WARN] DbFile:41 - Overriding database path with different value: /home/lpmeoli/.stmcufinder/plugins/mcufinder/ => /home/lpmeoli/.stmcufinder/plugins/mcufinder
2024-03-10 17:07:54,508 [WARN] DbFile:41 - Overriding database path with different value: /home/lpmeoli/.stmcufinder/plugins/mcufinder/ => /home/lpmeoli/.stmcufinder/plugins/mcufinder
2024-03-10 17:07:54,509 [INFO] CrossReferenceDbSqlite:203 - Set database path to: /home/lpmeoli/.stmcufinder/plugins/mcufinder//mcu/cs/
2024-03-10 17:07:54,555 [INFO] MainPanel:264 - HeapMemory: 268435456
2024-03-10 17:07:54,608 [INFO] DbMcusXml:78 - Set database path to: /opt/st/stm32cubeide_1.14.0/plugins/com.st.stm32cube.common.mx_6.10.0.202311202037//db//mcu/
2024-03-10 17:07:54,609 [INFO] ApiDb:274 - Set plugin database path to: /opt/st/stm32cubeide_1.14.0/plugins/com.st.stm32cube.common.mx_6.10.0.202311202037//db//plugins/boardmanager/
2024-03-10 17:07:54,609 [INFO] ApiDb:261 - Set plugin images path to: /opt/st/stm32cubeide_1.14.0/plugins/com.st.stm32cube.common.mx_6.10.0.202311202037//db//plugins/mcufinder/images/
2024-03-10 17:07:54,609 [WARN] DbFile:41 - Overriding database path with different value: /home/lpmeoli/.stmcufinder/plugins/mcufinder/ => /home/lpmeoli/.stmcufinder/plugins/mcufinder
2024-03-10 17:07:54,609 [INFO] ApiDb:250 - Set database path to: /home/lpmeoli/.stmcufinder/plugins/mcufinder//mcu/
2024-03-10 17:07:54,609 [WARN] DbFile:41 - Overriding database path with different value: /home/lpmeoli/.stmcufinder/plugins/mcufinder/ => /home/lpmeoli/.stmcufinder/plugins/mcufinder
2024-03-10 17:07:54,609 [INFO] DbMcusAds:125 - Set database path to: /home/lpmeoli/.stmcufinder/plugins/mcufinder//mcu/
2024-03-10 17:07:54,609 [WARN] DbFile:41 - Overriding database path with different value: /home/lpmeoli/.stmcufinder/plugins/mcufinder/ => /home/lpmeoli/.stmcufinder/plugins/mcufinder
2024-03-10 17:07:54,609 [WARN] DbFile:41 - Overriding database path with different value: /home/lpmeoli/.stmcufinder/plugins/mcufinder/ => /home/lpmeoli/.stmcufinder/plugins/mcufinder
2024-03-10 17:07:54,609 [INFO] CrossReferenceDbSqlite:203 - Set database path to: /home/lpmeoli/.stmcufinder/plugins/mcufinder//mcu/cs/
2024-03-10 17:07:54,618 [INFO] ApplicationProperties:184 - Using Application install path: /opt/st/stm32cubeide_1.14.0/plugins/com.st.stm32cube.common.mx_6.10.0.202311202037
2024-03-10 17:07:54,619 [INFO] PluginManage:196 - Search for loadable plugins [exclusion list=, ]
2024-03-10 17:07:54,620 [INFO] PluginManage:310 - Check plugin analytics
2024-03-10 17:07:54,705 [INFO] AnalyticsPlugin:253 - Accepted Software Licenses: 
2024-03-10 17:07:54,705 [INFO] AnalyticsPlugin:255 - Accepted CMSIS Pack Licenses: 
2024-03-10 17:07:54,705 [INFO] AnalyticsPlugin:257 - Accepted Firmware Licenses: 
2024-03-10 17:07:54,706 [INFO] PluginManage:359 - Loaded plugin analytics (category:tool,tabindex:-1)
2024-03-10 17:07:54,707 [INFO] PluginManage:310 - Check plugin cadmodel
2024-03-10 17:07:54,722 [INFO] CADModel:105 - Init CAD model plugin
2024-03-10 17:07:54,722 [INFO] PluginManage:359 - Loaded plugin cadmodel (category:power,tabindex:5)
2024-03-10 17:07:54,722 [INFO] PluginManage:310 - Check plugin clock
2024-03-10 17:07:54,728 [INFO] PluginManage:359 - Loaded plugin clock (category:base,tabindex:2)
2024-03-10 17:07:54,729 [INFO] PluginManage:310 - Check plugin ddr
2024-03-10 17:07:54,730 [INFO] PluginManage:359 - Loaded plugin ddr (category:tool,tabindex:6)
2024-03-10 17:07:54,730 [INFO] PluginManage:310 - Check plugin filemanager
2024-03-10 17:07:54,801 [INFO] PluginManage:359 - Loaded plugin filemanager (category:base,tabindex:10)
2024-03-10 17:07:54,801 [INFO] PluginManage:310 - Check plugin ipmanager
2024-03-10 17:07:54,804 [INFO] PluginManage:359 - Loaded plugin ipmanager (category:base,tabindex:5)
2024-03-10 17:07:54,805 [INFO] PluginManage:310 - Check plugin lpbam
2024-03-10 17:07:54,810 [INFO] PluginManage:359 - Loaded plugin lpbam (category:base,tabindex:0)
2024-03-10 17:07:54,810 [INFO] PluginManage:310 - Check plugin memorymap
2024-03-10 17:07:54,817 [INFO] PluginManage:359 - Loaded plugin memorymap (category:base,tabindex:4)
2024-03-10 17:07:54,817 [INFO] PluginManage:310 - Check plugin pinoutandconfiguration
2024-03-10 17:07:54,822 [INFO] PluginManage:359 - Loaded plugin pinoutandconfiguration (category:base,tabindex:1)
2024-03-10 17:07:54,822 [INFO] PluginManage:310 - Check plugin pinoutconfig
2024-03-10 17:07:54,869 [WARN] SupportedApi:132 - Cannot load RTOS API schema: s4s-elt-must-match.1: The content of 'definitions' must match (annotation?, (simpleType | complexType)?, (unique | key | keyref)*)). A problem was found starting at: attribute.
2024-03-10 17:07:54,936 [INFO] PluginManage:359 - Loaded plugin pinoutconfig (category:base,tabindex:0)
2024-03-10 17:07:54,936 [INFO] PluginManage:310 - Check plugin power
2024-03-10 17:07:54,942 [INFO] PluginManage:359 - Loaded plugin power (category:power,tabindex:4)
2024-03-10 17:07:54,942 [INFO] PluginManage:310 - Check plugin projectmanager
2024-03-10 17:07:54,952 [INFO] PluginManage:359 - Loaded plugin projectmanager (category:projectmanager,tabindex:3)
2024-03-10 17:07:54,952 [INFO] PluginManage:310 - Check plugin thirdparty
2024-03-10 17:07:55,019 [WARN] IntegrityCheckThread:84 - waiting for thirdparty lock release [integrity check]
2024-03-10 17:07:55,019 [INFO] PluginManage:359 - Loaded plugin thirdparty (category:base,tabindex:-1)
2024-03-10 17:07:55,019 [INFO] IntegrityCheckThread:86 - entering critical section [integrity check]
2024-03-10 17:07:55,019 [INFO] PluginManage:310 - Check plugin tools
2024-03-10 17:07:55,020 [INFO] ThirdPartyUpdaterWithRetryManager:70 - Updater plugin not ready yet. [1/15]
2024-03-10 17:07:55,021 [INFO] PluginManage:359 - Loaded plugin tools (category:base,tabindex:7)
2024-03-10 17:07:55,021 [INFO] PluginManage:310 - Check plugin tutovideos
2024-03-10 17:07:55,122 [INFO] PluginManage:359 - Loaded plugin tutovideos (category:base,tabindex:-1)
2024-03-10 17:07:55,122 [INFO] PluginManage:310 - Check plugin updater
2024-03-10 17:07:55,130 [INFO] PluginManage:359 - Loaded plugin updater (category:base,tabindex:12)
2024-03-10 17:07:55,130 [INFO] PluginManage:310 - Check plugin userauth
2024-03-10 17:07:55,133 [INFO] UserAuth:114 - Init User Auth plugin
2024-03-10 17:07:55,133 [INFO] PluginManage:359 - Loaded plugin userauth (category:base,tabindex:14)
2024-03-10 17:07:55,134 [INFO] PluginManage:283 - PluginManage : Loaded plugins [17]
2024-03-10 17:07:55,238 [INFO] PinOutPanel:1499 - setPackage(No Configuration,No Configuration)
2024-03-10 17:07:55,271 [INFO] CADModel:165 - CPN selected for project level
2024-03-10 17:07:55,271 [INFO] CADModel:114 - Register for checkConnection events
2024-03-10 17:07:55,277 [INFO] IPUIPlugin:80 - create IPUIPlugin
2024-03-10 17:07:55,278 [INFO] PluginManager:220 - loadIPPluginJar : add nvic
2024-03-10 17:07:55,279 [INFO] IPUIPlugin:80 - create IPUIPlugin
2024-03-10 17:07:55,279 [INFO] PluginManager:220 - loadIPPluginJar : add tsc
2024-03-10 17:07:55,281 [INFO] IPUIPlugin:80 - create IPUIPlugin
2024-03-10 17:07:55,281 [INFO] PluginManager:220 - loadIPPluginJar : add dma3
2024-03-10 17:07:55,287 [INFO] IPUIPlugin:80 - create IPUIPlugin
2024-03-10 17:07:55,287 [INFO] PluginManager:220 - loadIPPluginJar : add adc
2024-03-10 17:07:55,288 [INFO] IPUIPlugin:80 - create IPUIPlugin
2024-03-10 17:07:55,289 [INFO] PluginManager:220 - loadIPPluginJar : add i3c
2024-03-10 17:07:55,290 [INFO] IPUIPlugin:80 - create IPUIPlugin
2024-03-10 17:07:55,290 [INFO] PluginManager:220 - loadIPPluginJar : add gtzc
2024-03-10 17:07:55,291 [INFO] IPUIPlugin:80 - create IPUIPlugin
2024-03-10 17:07:55,291 [INFO] PluginManager:220 - loadIPPluginJar : add lorawan
2024-03-10 17:07:55,292 [INFO] IPUIPlugin:80 - create IPUIPlugin
2024-03-10 17:07:55,292 [INFO] PluginManager:220 - loadIPPluginJar : add usart
2024-03-10 17:07:55,296 [INFO] IPUIPlugin:80 - create IPUIPlugin
2024-03-10 17:07:55,297 [INFO] PluginManager:220 - loadIPPluginJar : add plateformsettings
2024-03-10 17:07:55,298 [INFO] IPUIPlugin:80 - create IPUIPlugin
2024-03-10 17:07:55,298 [INFO] PluginManager:220 - loadIPPluginJar : add ltdc
2024-03-10 17:07:55,298 [INFO] IPUIPlugin:80 - create IPUIPlugin
2024-03-10 17:07:55,299 [INFO] PluginManager:220 - loadIPPluginJar : add tracer_emb
2024-03-10 17:07:55,299 [INFO] IPUIPlugin:80 - create IPUIPlugin
2024-03-10 17:07:55,299 [INFO] PluginManager:220 - loadIPPluginJar : add fatfs
2024-03-10 17:07:55,300 [INFO] IPUIPlugin:80 - create IPUIPlugin
2024-03-10 17:07:55,300 [INFO] PluginManager:220 - loadIPPluginJar : add comp
2024-03-10 17:07:55,305 [INFO] IPUIPlugin:80 - create IPUIPlugin
2024-03-10 17:07:55,305 [INFO] PluginManager:220 - loadIPPluginJar : add linkedlist
2024-03-10 17:07:55,307 [INFO] IPUIPlugin:80 - create IPUIPlugin
2024-03-10 17:07:55,307 [INFO] PluginManager:220 - loadIPPluginJar : add gpio
2024-03-10 17:07:55,308 [INFO] IPUIPlugin:80 - create IPUIPlugin
2024-03-10 17:07:55,308 [INFO] PluginManager:220 - loadIPPluginJar : add aes
2024-03-10 17:07:55,309 [INFO] IPUIPlugin:80 - create IPUIPlugin
2024-03-10 17:07:55,309 [INFO] PluginManager:220 - loadIPPluginJar : add hash
2024-03-10 17:07:55,313 [INFO] IPUIPlugin:80 - create IPUIPlugin
2024-03-10 17:07:55,313 [INFO] PluginManager:220 - loadIPPluginJar : add mdma
2024-03-10 17:07:55,314 [INFO] IPUIPlugin:80 - create IPUIPlugin
2024-03-10 17:07:55,314 [INFO] PluginManager:220 - loadIPPluginJar : add dfsdm
2024-03-10 17:07:55,315 [INFO] IPUIPlugin:80 - create IPUIPlugin
2024-03-10 17:07:55,315 [INFO] PluginManager:220 - loadIPPluginJar : add pdm2pcm
2024-03-10 17:07:55,317 [INFO] IPUIPlugin:80 - create IPUIPlugin
2024-03-10 17:07:55,317 [INFO] PluginManager:220 - loadIPPluginJar : add touchsensing
2024-03-10 17:07:55,318 [INFO] IPUIPlugin:80 - create IPUIPlugin
2024-03-10 17:07:55,318 [INFO] PluginManager:220 - loadIPPluginJar : add cryp
2024-03-10 17:07:55,322 [INFO] IPUIPlugin:80 - create IPUIPlugin
2024-03-10 17:07:55,322 [INFO] PluginManager:220 - loadIPPluginJar : add freertos
2024-03-10 17:07:55,323 [INFO] IPUIPlugin:80 - create IPUIPlugin
2024-03-10 17:07:55,324 [INFO] PluginManager:220 - loadIPPluginJar : add usbx
2024-03-10 17:07:55,326 [INFO] IPUIPlugin:80 - create IPUIPlugin
2024-03-10 17:07:55,326 [INFO] PluginManager:220 - loadIPPluginJar : add fmc
2024-03-10 17:07:55,330 [INFO] IPUIPlugin:80 - create IPUIPlugin
2024-03-10 17:07:55,330 [INFO] PluginManager:220 - loadIPPluginJar : add gic
2024-03-10 17:07:55,333 [INFO] IPUIPlugin:80 - create IPUIPlugin
2024-03-10 17:07:55,333 [INFO] PluginManager:220 - loadIPPluginJar : add dma
2024-03-10 17:07:55,334 [INFO] IPUIPlugin:80 - create IPUIPlugin
2024-03-10 17:07:55,334 [INFO] PluginManager:220 - loadIPPluginJar : add genericplugin
2024-03-10 17:07:55,335 [INFO] IPUIPlugin:80 - create IPUIPlugin
2024-03-10 17:07:55,335 [INFO] PluginManager:220 - loadIPPluginJar : add ucpd
2024-03-10 17:07:55,337 [INFO] IPUIPlugin:80 - create IPUIPlugin
2024-03-10 17:07:55,337 [INFO] PluginManager:220 - loadIPPluginJar : add opamp
2024-03-10 17:07:55,341 [INFO] IPUIPlugin:80 - create IPUIPlugin
2024-03-10 17:07:55,341 [INFO] PluginManager:220 - loadIPPluginJar : add stm32_wpan
2024-03-10 17:07:55,341 [INFO] IPUIPlugin:80 - create IPUIPlugin
2024-03-10 17:07:55,342 [INFO] PluginManager:220 - loadIPPluginJar : add ts
2024-03-10 17:07:55,342 [INFO] IPUIPlugin:80 - create IPUIPlugin
2024-03-10 17:07:55,343 [INFO] PluginManager:220 - loadIPPluginJar : add spi
2024-03-10 17:07:55,344 [INFO] IPUIPlugin:80 - create IPUIPlugin
2024-03-10 17:07:55,344 [INFO] PluginManager:220 - loadIPPluginJar : add sai
2024-03-10 17:07:55,345 [INFO] IPUIPlugin:80 - create IPUIPlugin
2024-03-10 17:07:55,346 [INFO] PluginManager:220 - loadIPPluginJar : add ipddr
2024-03-10 17:07:55,347 [INFO] IPUIPlugin:80 - create IPUIPlugin
2024-03-10 17:07:55,347 [INFO] PluginManager:220 - loadIPPluginJar : add resmgrutility
2024-03-10 17:07:55,349 [INFO] IPUIPlugin:80 - create IPUIPlugin
2024-03-10 17:07:55,349 [INFO] PluginManager:220 - loadIPPluginJar : add gfxmmu
2024-03-10 17:07:55,350 [INFO] IPUIPlugin:80 - create IPUIPlugin
2024-03-10 17:07:55,350 [INFO] PluginManager:220 - loadIPPluginJar : add can
2024-03-10 17:07:55,351 [INFO] IPUIPlugin:80 - create IPUIPlugin
2024-03-10 17:07:55,351 [INFO] PluginManager:220 - loadIPPluginJar : add i2c
2024-03-10 17:07:55,352 [INFO] IPUIPlugin:80 - create IPUIPlugin
2024-03-10 17:07:55,353 [INFO] PluginManager:220 - loadIPPluginJar : add i2s
2024-03-10 17:07:55,353 [INFO] IPUIPlugin:80 - create IPUIPlugin
2024-03-10 17:07:55,353 [INFO] PluginManager:220 - loadIPPluginJar : add tim
2024-03-10 17:07:55,355 [INFO] IPUIPlugin:80 - create IPUIPlugin
2024-03-10 17:07:55,355 [INFO] PluginManager:220 - loadIPPluginJar : add openamp
2024-03-10 17:07:55,355 [INFO] IPUIPlugin:80 - create IPUIPlugin
2024-03-10 17:07:55,355 [INFO] PluginManager:220 - loadIPPluginJar : add quadspi
2024-03-10 17:07:55,450 [INFO] CADModel:165 - CPN selected for project level
2024-03-10 17:07:55,450 [INFO] CADModel:114 - Register for checkConnection events
2024-03-10 17:07:55,450 [FATAL] Updater:308 - Updater called before beeing initialized
2024-03-10 17:07:55,450 [ERROR] CADModel:125 - Updater not yet initialized, retry later 
2024-03-10 17:07:55,530 [INFO] CADModel:165 - CPN selected for project level
2024-03-10 17:07:55,530 [INFO] CADModel:114 - Register for checkConnection events
2024-03-10 17:07:55,530 [FATAL] Updater:308 - Updater called before beeing initialized
2024-03-10 17:07:55,530 [ERROR] CADModel:125 - Updater not yet initialized, retry later 
2024-03-10 17:07:55,534 [FATAL] Updater:308 - Updater called before beeing initialized
2024-03-10 17:07:55,572 [FATAL] Updater:308 - Updater called before beeing initialized
2024-03-10 17:07:55,574 [INFO] DbMcusAds:53 - JSON generation date=Wed Nov 29 07:52:27 ART 2023 (1701255147349)
2024-03-10 17:07:55,574 [FATAL] Updater:308 - Updater called before beeing initialized
2024-03-10 17:07:55,595 [WARN] DetailPanel:346 - Failed to get advertising image, set to default
2024-03-10 17:07:55,648 [FATAL] Updater:308 - Updater called before beeing initialized
2024-03-10 17:07:55,649 [FATAL] Updater:308 - Updater called before beeing initialized
2024-03-10 17:07:55,649 [FATAL] Updater:308 - Updater called before beeing initialized
2024-03-10 17:07:55,649 [WARN] DetailPanel:346 - Failed to get advertising image, set to default
2024-03-10 17:07:55,650 [FATAL] Updater:308 - Updater called before beeing initialized
2024-03-10 17:07:55,676 [ERROR] Updater:1120 - MainUpdater not yet initialized. External WinMGr cannot be set.
2024-03-10 17:07:55,678 [INFO] Updater:1056 - Updater Version found : 6.10.0
2024-03-10 17:07:55,689 [INFO] ApplicationProperties:184 - Using Application install path: /opt/st/stm32cubeide_1.14.0/plugins/com.st.stm32cube.common.mx_6.10.0.202311202037
2024-03-10 17:07:55,696 [ERROR] LogOutputStream:75 - [STDERR_REDIRECT] Mar 10, 2024 5:07:55 PM java.util.prefs.FileSystemPreferences$2 run
2024-03-10 17:07:55,697 [ERROR] LogOutputStream:75 - [STDERR_REDIRECT] WARNING: Could not create system preferences directory. System preferences are unusable.
2024-03-10 17:07:55,697 [ERROR] LogOutputStream:75 - [STDERR_REDIRECT] 
2024-03-10 17:07:55,872 [INFO] MainUpdater:2873 - connection check result : 10
2024-03-10 17:07:55,873 [INFO] MainUpdater:290 - Updater Check For Update Now.
2024-03-10 17:07:55,873 [INFO] MicroXplorer:498 - Change Database Version : DB.6.0.100
2024-03-10 17:07:55,876 [INFO] McuFinderGlobals:63 - Set McuFinder mode to 2 (CubeIDE integrated)
2024-03-10 17:07:55,876 [INFO] UserAuth:180 - activating auth plugin
2024-03-10 17:07:55,884 [INFO] UserAuth:404 - Internet connection configuration mode: 1
2024-03-10 17:07:55,894 [INFO] JxBrowserEngine:152 - Initiate JxBrowser Engine with user profile folder
2024-03-10 17:07:56,016 [INFO] CheckServerUpdateThread:120 - End of CheckServer Thread
2024-03-10 17:07:56,491 [INFO] WebApp:161 - Instantiating new browser for Auth
2024-03-10 17:07:56,793 [INFO] WebApp:780 - Register for checkConnection events
2024-03-10 17:07:56,794 [INFO] WebApp:414 - Apply proxy settings
2024-03-10 17:07:56,794 [INFO] WebApp:499 - Chromium requires no authentication
2024-03-10 17:07:56,797 [INFO] WebApp:442 - Direct internet connection detected
2024-03-10 17:07:56,877 [INFO] WebApp:192 - Starting web application
2024-03-10 17:07:56,877 [INFO] WebApp:544 - Web application path used /opt/st/stm32cubeide_1.14.0/plugins/com.st.stm32cube.common.mx_6.10.0.202311202037/db/plugins/mcufinder/reactClient1/index.html
2024-03-10 17:07:58,079 [WARN] PackLoader:240 - Cannot read IP mode file for STMicroelectronics.FP-SNS-MOTENV1.4.3.2
2024-03-10 17:07:58,084 [WARN] PackLoader:240 - Cannot read IP mode file for STMicroelectronics.FP-SNS-FLIGHT1.5.0.2
2024-03-10 17:07:58,087 [WARN] PackLoader:240 - Cannot read IP mode file for STMicroelectronics.FP-SNS-SMARTAG2.1.2.0
2024-03-10 17:07:58,090 [WARN] PackLoader:240 - Cannot read IP mode file for STMicroelectronics.FP-ATR-SIGFOX1.3.2.0
2024-03-10 17:07:58,092 [WARN] PackLoader:240 - Cannot read IP mode file for STMicroelectronics.X-CUBE-AI.8.1.0
2024-03-10 17:07:58,095 [WARN] PackLoader:240 - Cannot read IP mode file for STMicroelectronics.X-CUBE-ALS.1.0.1
2024-03-10 17:07:58,097 [WARN] PackLoader:240 - Cannot read IP mode file for STMicroelectronics.FP-ATR-ASTRA1.2.0.0
2024-03-10 17:07:58,097 [INFO] ThirdParty:978 - Integrity check success = true
2024-03-10 17:07:58,097 [INFO] IntegrityCheckThread:100 - exiting critical section [integrity check]
2024-03-10 17:07:58,097 [INFO] IntegrityCheckThread:103 - End integrity checks thread
2024-03-10 17:08:17,144 [ERROR] LogOutputStream:75 - [STDERR_REDIRECT] SLF4J: Failed to load class "org.slf4j.impl.StaticLoggerBinder".
2024-03-10 17:08:17,145 [ERROR] LogOutputStream:75 - [STDERR_REDIRECT] SLF4J: Defaulting to no-operation (NOP) logger implementation
2024-03-10 17:08:17,145 [ERROR] LogOutputStream:75 - [STDERR_REDIRECT] SLF4J: See http://www.slf4j.org/codes.html#StaticLoggerBinder for further details.
2024-03-10 17:08:24,709 [ERROR] LogOutputStream:75 - [STDERR_REDIRECT] Mar 10, 2024 5:08:24 PM java.util.prefs.FileSystemPreferences checkLockFile0ErrorCode
2024-03-10 17:08:24,710 [ERROR] LogOutputStream:75 - [STDERR_REDIRECT] WARNING: Could not lock System prefs. Unix error code 30940.
2024-03-10 17:08:24,710 [ERROR] LogOutputStream:75 - [STDERR_REDIRECT] 
2024-03-10 17:08:24,711 [ERROR] LogOutputStream:75 - [STDERR_REDIRECT] Mar 10, 2024 5:08:24 PM java.util.prefs.FileSystemPreferences syncWorld
2024-03-10 17:08:24,711 [ERROR] LogOutputStream:75 - [STDERR_REDIRECT] WARNING: Couldn't flush system prefs: java.util.prefs.BackingStoreException: Couldn't get file lock.
2024-03-10 17:08:24,711 [ERROR] LogOutputStream:75 - [STDERR_REDIRECT] 
2024-03-10 17:08:54,702 [ERROR] LogOutputStream:75 - [STDERR_REDIRECT] Mar 10, 2024 5:08:54 PM java.util.prefs.FileSystemPreferences checkLockFile0ErrorCode
2024-03-10 17:08:54,702 [ERROR] LogOutputStream:75 - [STDERR_REDIRECT] WARNING: Could not lock System prefs. Unix error code 30940.
2024-03-10 17:08:54,703 [ERROR] LogOutputStream:75 - [STDERR_REDIRECT] 
2024-03-10 17:08:54,703 [ERROR] LogOutputStream:75 - [STDERR_REDIRECT] Mar 10, 2024 5:08:54 PM java.util.prefs.FileSystemPreferences syncWorld
2024-03-10 17:08:54,704 [ERROR] LogOutputStream:75 - [STDERR_REDIRECT] WARNING: Couldn't flush system prefs: java.util.prefs.BackingStoreException: Couldn't get file lock.
2024-03-10 17:08:54,704 [ERROR] LogOutputStream:75 - [STDERR_REDIRECT] 
2024-03-10 17:09:24,701 [ERROR] LogOutputStream:75 - [STDERR_REDIRECT] Mar 10, 2024 5:09:24 PM java.util.prefs.FileSystemPreferences checkLockFile0ErrorCode
2024-03-10 17:09:24,701 [ERROR] LogOutputStream:75 - [STDERR_REDIRECT] WARNING: Could not lock System prefs. Unix error code 30940.
2024-03-10 17:09:24,701 [ERROR] LogOutputStream:75 - [STDERR_REDIRECT] 
2024-03-10 17:09:24,702 [ERROR] LogOutputStream:75 - [STDERR_REDIRECT] Mar 10, 2024 5:09:24 PM java.util.prefs.FileSystemPreferences syncWorld
2024-03-10 17:09:24,702 [ERROR] LogOutputStream:75 - [STDERR_REDIRECT] WARNING: Couldn't flush system prefs: java.util.prefs.BackingStoreException: Couldn't get file lock.
2024-03-10 17:09:24,702 [ERROR] LogOutputStream:75 - [STDERR_REDIRECT] 
2024-03-10 17:09:54,702 [ERROR] LogOutputStream:75 - [STDERR_REDIRECT] Mar 10, 2024 5:09:54 PM java.util.prefs.FileSystemPreferences checkLockFile0ErrorCode
2024-03-10 17:09:54,702 [ERROR] LogOutputStream:75 - [STDERR_REDIRECT] WARNING: Could not lock System prefs. Unix error code 30940.
2024-03-10 17:09:54,702 [ERROR] LogOutputStream:75 - [STDERR_REDIRECT] 
2024-03-10 17:09:54,703 [ERROR] LogOutputStream:75 - [STDERR_REDIRECT] Mar 10, 2024 5:09:54 PM java.util.prefs.FileSystemPreferences syncWorld
2024-03-10 17:09:54,703 [ERROR] LogOutputStream:75 - [STDERR_REDIRECT] WARNING: Couldn't flush system prefs: java.util.prefs.BackingStoreException: Couldn't get file lock.
2024-03-10 17:09:54,703 [ERROR] LogOutputStream:75 - [STDERR_REDIRECT] 
2024-03-10 17:10:24,702 [ERROR] LogOutputStream:75 - [STDERR_REDIRECT] Mar 10, 2024 5:10:24 PM java.util.prefs.FileSystemPreferences checkLockFile0ErrorCode
2024-03-10 17:10:24,702 [ERROR] LogOutputStream:75 - [STDERR_REDIRECT] WARNING: Could not lock System prefs. Unix error code 30940.
2024-03-10 17:10:24,702 [ERROR] LogOutputStream:75 - [STDERR_REDIRECT] 
2024-03-10 17:10:24,703 [ERROR] LogOutputStream:75 - [STDERR_REDIRECT] Mar 10, 2024 5:10:24 PM java.util.prefs.FileSystemPreferences syncWorld
2024-03-10 17:10:24,703 [ERROR] LogOutputStream:75 - [STDERR_REDIRECT] WARNING: Couldn't flush system prefs: java.util.prefs.BackingStoreException: Couldn't get file lock.
2024-03-10 17:10:24,703 [ERROR] LogOutputStream:75 - [STDERR_REDIRECT] 
2024-03-10 17:10:54,701 [ERROR] LogOutputStream:75 - [STDERR_REDIRECT] Mar 10, 2024 5:10:54 PM java.util.prefs.FileSystemPreferences checkLockFile0ErrorCode
2024-03-10 17:10:54,702 [ERROR] LogOutputStream:75 - [STDERR_REDIRECT] WARNING: Could not lock System prefs. Unix error code 30940.
2024-03-10 17:10:54,702 [ERROR] LogOutputStream:75 - [STDERR_REDIRECT] 
2024-03-10 17:10:54,703 [ERROR] LogOutputStream:75 - [STDERR_REDIRECT] Mar 10, 2024 5:10:54 PM java.util.prefs.FileSystemPreferences syncWorld
2024-03-10 17:10:54,703 [ERROR] LogOutputStream:75 - [STDERR_REDIRECT] WARNING: Couldn't flush system prefs: java.util.prefs.BackingStoreException: Couldn't get file lock.
2024-03-10 17:10:54,703 [ERROR] LogOutputStream:75 - [STDERR_REDIRECT] 
2024-03-10 17:11:24,702 [ERROR] LogOutputStream:75 - [STDERR_REDIRECT] Mar 10, 2024 5:11:24 PM java.util.prefs.FileSystemPreferences checkLockFile0ErrorCode
2024-03-10 17:11:24,703 [ERROR] LogOutputStream:75 - [STDERR_REDIRECT] WARNING: Could not lock System prefs. Unix error code 30940.
2024-03-10 17:11:24,703 [ERROR] LogOutputStream:75 - [STDERR_REDIRECT] 
2024-03-10 17:11:24,703 [ERROR] LogOutputStream:75 - [STDERR_REDIRECT] Mar 10, 2024 5:11:24 PM java.util.prefs.FileSystemPreferences syncWorld
2024-03-10 17:11:24,704 [ERROR] LogOutputStream:75 - [STDERR_REDIRECT] WARNING: Couldn't flush system prefs: java.util.prefs.BackingStoreException: Couldn't get file lock.
2024-03-10 17:11:24,704 [ERROR] LogOutputStream:75 - [STDERR_REDIRECT] 
2024-03-10 17:11:54,702 [ERROR] LogOutputStream:75 - [STDERR_REDIRECT] Mar 10, 2024 5:11:54 PM java.util.prefs.FileSystemPreferences checkLockFile0ErrorCode
2024-03-10 17:11:54,703 [ERROR] LogOutputStream:75 - [STDERR_REDIRECT] WARNING: Could not lock System prefs. Unix error code 0.
2024-03-10 17:11:54,703 [ERROR] LogOutputStream:75 - [STDERR_REDIRECT] 
2024-03-10 17:11:54,703 [ERROR] LogOutputStream:75 - [STDERR_REDIRECT] Mar 10, 2024 5:11:54 PM java.util.prefs.FileSystemPreferences syncWorld
2024-03-10 17:11:54,704 [ERROR] LogOutputStream:75 - [STDERR_REDIRECT] WARNING: Couldn't flush system prefs: java.util.prefs.BackingStoreException: Couldn't get file lock.
2024-03-10 17:11:54,704 [ERROR] LogOutputStream:75 - [STDERR_REDIRECT] 
2024-03-10 17:12:24,702 [ERROR] LogOutputStream:75 - [STDERR_REDIRECT] Mar 10, 2024 5:12:24 PM java.util.prefs.FileSystemPreferences checkLockFile0ErrorCode
2024-03-10 17:12:24,702 [ERROR] LogOutputStream:75 - [STDERR_REDIRECT] WARNING: Could not lock System prefs. Unix error code 30940.
2024-03-10 17:12:24,703 [ERROR] LogOutputStream:75 - [STDERR_REDIRECT] 
2024-03-10 17:12:24,703 [ERROR] LogOutputStream:75 - [STDERR_REDIRECT] Mar 10, 2024 5:12:24 PM java.util.prefs.FileSystemPreferences syncWorld
2024-03-10 17:12:24,704 [ERROR] LogOutputStream:75 - [STDERR_REDIRECT] WARNING: Couldn't flush system prefs: java.util.prefs.BackingStoreException: Couldn't get file lock.
2024-03-10 17:12:24,704 [ERROR] LogOutputStream:75 - [STDERR_REDIRECT] 
2024-03-10 17:12:54,706 [ERROR] LogOutputStream:75 - [STDERR_REDIRECT] Mar 10, 2024 5:12:54 PM java.util.prefs.FileSystemPreferences checkLockFile0ErrorCode
2024-03-10 17:12:54,707 [ERROR] LogOutputStream:75 - [STDERR_REDIRECT] WARNING: Could not lock System prefs. Unix error code 30940.
2024-03-10 17:12:54,707 [ERROR] LogOutputStream:75 - [STDERR_REDIRECT] 
2024-03-10 17:12:54,707 [ERROR] LogOutputStream:75 - [STDERR_REDIRECT] Mar 10, 2024 5:12:54 PM java.util.prefs.FileSystemPreferences syncWorld
2024-03-10 17:12:54,707 [ERROR] LogOutputStream:75 - [STDERR_REDIRECT] WARNING: Couldn't flush system prefs: java.util.prefs.BackingStoreException: Couldn't get file lock.
2024-03-10 17:12:54,708 [ERROR] LogOutputStream:75 - [STDERR_REDIRECT] 
2024-03-10 17:13:24,705 [ERROR] LogOutputStream:75 - [STDERR_REDIRECT] Mar 10, 2024 5:13:24 PM java.util.prefs.FileSystemPreferences checkLockFile0ErrorCode
2024-03-10 17:13:24,705 [ERROR] LogOutputStream:75 - [STDERR_REDIRECT] WARNING: Could not lock System prefs. Unix error code 30940.
2024-03-10 17:13:24,705 [ERROR] LogOutputStream:75 - [STDERR_REDIRECT] 
2024-03-10 17:13:24,706 [ERROR] LogOutputStream:75 - [STDERR_REDIRECT] Mar 10, 2024 5:13:24 PM java.util.prefs.FileSystemPreferences syncWorld
2024-03-10 17:13:24,706 [ERROR] LogOutputStream:75 - [STDERR_REDIRECT] WARNING: Couldn't flush system prefs: java.util.prefs.BackingStoreException: Couldn't get file lock.
2024-03-10 17:13:24,706 [ERROR] LogOutputStream:75 - [STDERR_REDIRECT] 
2024-03-10 17:13:54,702 [ERROR] LogOutputStream:75 - [STDERR_REDIRECT] Mar 10, 2024 5:13:54 PM java.util.prefs.FileSystemPreferences checkLockFile0ErrorCode
2024-03-10 17:13:54,702 [ERROR] LogOutputStream:75 - [STDERR_REDIRECT] WARNING: Could not lock System prefs. Unix error code 30940.
2024-03-10 17:13:54,702 [ERROR] LogOutputStream:75 - [STDERR_REDIRECT] 
2024-03-10 17:13:54,702 [ERROR] LogOutputStream:75 - [STDERR_REDIRECT] Mar 10, 2024 5:13:54 PM java.util.prefs.FileSystemPreferences syncWorld
2024-03-10 17:13:54,702 [ERROR] LogOutputStream:75 - [STDERR_REDIRECT] WARNING: Couldn't flush system prefs: java.util.prefs.BackingStoreException: Couldn't get file lock.
2024-03-10 17:13:54,702 [ERROR] LogOutputStream:75 - [STDERR_REDIRECT] 
2024-03-10 17:14:24,702 [ERROR] LogOutputStream:75 - [STDERR_REDIRECT] Mar 10, 2024 5:14:24 PM java.util.prefs.FileSystemPreferences checkLockFile0ErrorCode
2024-03-10 17:14:24,702 [ERROR] LogOutputStream:75 - [STDERR_REDIRECT] WARNING: Could not lock System prefs. Unix error code 30940.
2024-03-10 17:14:24,703 [ERROR] LogOutputStream:75 - [STDERR_REDIRECT] 
2024-03-10 17:14:24,703 [ERROR] LogOutputStream:75 - [STDERR_REDIRECT] Mar 10, 2024 5:14:24 PM java.util.prefs.FileSystemPreferences syncWorld
2024-03-10 17:14:24,703 [ERROR] LogOutputStream:75 - [STDERR_REDIRECT] WARNING: Couldn't flush system prefs: java.util.prefs.BackingStoreException: Couldn't get file lock.
2024-03-10 17:14:24,704 [ERROR] LogOutputStream:75 - [STDERR_REDIRECT] 
2024-03-10 17:14:54,701 [ERROR] LogOutputStream:75 - [STDERR_REDIRECT] Mar 10, 2024 5:14:54 PM java.util.prefs.FileSystemPreferences checkLockFile0ErrorCode
2024-03-10 17:14:54,702 [ERROR] LogOutputStream:75 - [STDERR_REDIRECT] WARNING: Could not lock System prefs. Unix error code 30940.
2024-03-10 17:14:54,702 [ERROR] LogOutputStream:75 - [STDERR_REDIRECT] 
2024-03-10 17:14:54,702 [ERROR] LogOutputStream:75 - [STDERR_REDIRECT] Mar 10, 2024 5:14:54 PM java.util.prefs.FileSystemPreferences syncWorld
2024-03-10 17:14:54,702 [ERROR] LogOutputStream:75 - [STDERR_REDIRECT] WARNING: Couldn't flush system prefs: java.util.prefs.BackingStoreException: Couldn't get file lock.
2024-03-10 17:14:54,703 [ERROR] LogOutputStream:75 - [STDERR_REDIRECT] 
2024-03-10 17:15:24,701 [ERROR] LogOutputStream:75 - [STDERR_REDIRECT] Mar 10, 2024 5:15:24 PM java.util.prefs.FileSystemPreferences checkLockFile0ErrorCode
2024-03-10 17:15:24,702 [ERROR] LogOutputStream:75 - [STDERR_REDIRECT] WARNING: Could not lock System prefs. Unix error code 30940.
2024-03-10 17:15:24,702 [ERROR] LogOutputStream:75 - [STDERR_REDIRECT] 
2024-03-10 17:15:24,702 [ERROR] LogOutputStream:75 - [STDERR_REDIRECT] Mar 10, 2024 5:15:24 PM java.util.prefs.FileSystemPreferences syncWorld
2024-03-10 17:15:24,703 [ERROR] LogOutputStream:75 - [STDERR_REDIRECT] WARNING: Couldn't flush system prefs: java.util.prefs.BackingStoreException: Couldn't get file lock.
2024-03-10 17:15:24,703 [ERROR] LogOutputStream:75 - [STDERR_REDIRECT] 
2024-03-10 17:15:54,701 [ERROR] LogOutputStream:75 - [STDERR_REDIRECT] Mar 10, 2024 5:15:54 PM java.util.prefs.FileSystemPreferences checkLockFile0ErrorCode
2024-03-10 17:15:54,701 [ERROR] LogOutputStream:75 - [STDERR_REDIRECT] WARNING: Could not lock System prefs. Unix error code 30940.
2024-03-10 17:15:54,702 [ERROR] LogOutputStream:75 - [STDERR_REDIRECT] 
2024-03-10 17:15:54,702 [ERROR] LogOutputStream:75 - [STDERR_REDIRECT] Mar 10, 2024 5:15:54 PM java.util.prefs.FileSystemPreferences syncWorld
2024-03-10 17:15:54,702 [ERROR] LogOutputStream:75 - [STDERR_REDIRECT] WARNING: Couldn't flush system prefs: java.util.prefs.BackingStoreException: Couldn't get file lock.
2024-03-10 17:15:54,703 [ERROR] LogOutputStream:75 - [STDERR_REDIRECT] 
2024-03-10 17:16:24,702 [ERROR] LogOutputStream:75 - [STDERR_REDIRECT] Mar 10, 2024 5:16:24 PM java.util.prefs.FileSystemPreferences checkLockFile0ErrorCode
2024-03-10 17:16:24,702 [ERROR] LogOutputStream:75 - [STDERR_REDIRECT] WARNING: Could not lock System prefs. Unix error code 30940.
2024-03-10 17:16:24,703 [ERROR] LogOutputStream:75 - [STDERR_REDIRECT] 
2024-03-10 17:16:24,703 [ERROR] LogOutputStream:75 - [STDERR_REDIRECT] Mar 10, 2024 5:16:24 PM java.util.prefs.FileSystemPreferences syncWorld
2024-03-10 17:16:24,703 [ERROR] LogOutputStream:75 - [STDERR_REDIRECT] WARNING: Couldn't flush system prefs: java.util.prefs.BackingStoreException: Couldn't get file lock.
2024-03-10 17:16:24,703 [ERROR] LogOutputStream:75 - [STDERR_REDIRECT] 
2024-03-10 17:16:54,701 [ERROR] LogOutputStream:75 - [STDERR_REDIRECT] Mar 10, 2024 5:16:54 PM java.util.prefs.FileSystemPreferences checkLockFile0ErrorCode
2024-03-10 17:16:54,701 [ERROR] LogOutputStream:75 - [STDERR_REDIRECT] WARNING: Could not lock System prefs. Unix error code 30940.
2024-03-10 17:16:54,701 [ERROR] LogOutputStream:75 - [STDERR_REDIRECT] 
2024-03-10 17:16:54,702 [ERROR] LogOutputStream:75 - [STDERR_REDIRECT] Mar 10, 2024 5:16:54 PM java.util.prefs.FileSystemPreferences syncWorld
2024-03-10 17:16:54,702 [ERROR] LogOutputStream:75 - [STDERR_REDIRECT] WARNING: Couldn't flush system prefs: java.util.prefs.BackingStoreException: Couldn't get file lock.
2024-03-10 17:16:54,702 [ERROR] LogOutputStream:75 - [STDERR_REDIRECT] 
2024-03-10 17:17:24,701 [ERROR] LogOutputStream:75 - [STDERR_REDIRECT] Mar 10, 2024 5:17:24 PM java.util.prefs.FileSystemPreferences checkLockFile0ErrorCode
2024-03-10 17:17:24,702 [ERROR] LogOutputStream:75 - [STDERR_REDIRECT] WARNING: Could not lock System prefs. Unix error code 30940.
2024-03-10 17:17:24,702 [ERROR] LogOutputStream:75 - [STDERR_REDIRECT] 
2024-03-10 17:17:24,702 [ERROR] LogOutputStream:75 - [STDERR_REDIRECT] Mar 10, 2024 5:17:24 PM java.util.prefs.FileSystemPreferences syncWorld
2024-03-10 17:17:24,702 [ERROR] LogOutputStream:75 - [STDERR_REDIRECT] WARNING: Couldn't flush system prefs: java.util.prefs.BackingStoreException: Couldn't get file lock.
2024-03-10 17:17:24,702 [ERROR] LogOutputStream:75 - [STDERR_REDIRECT] 
2024-03-10 17:17:54,704 [ERROR] LogOutputStream:75 - [STDERR_REDIRECT] Mar 10, 2024 5:17:54 PM java.util.prefs.FileSystemPreferences checkLockFile0ErrorCode
2024-03-10 17:17:54,704 [ERROR] LogOutputStream:75 - [STDERR_REDIRECT] WARNING: Could not lock System prefs. Unix error code 30940.
2024-03-10 17:17:54,704 [ERROR] LogOutputStream:75 - [STDERR_REDIRECT] 
2024-03-10 17:17:54,705 [ERROR] LogOutputStream:75 - [STDERR_REDIRECT] Mar 10, 2024 5:17:54 PM java.util.prefs.FileSystemPreferences syncWorld
2024-03-10 17:17:54,705 [ERROR] LogOutputStream:75 - [STDERR_REDIRECT] WARNING: Couldn't flush system prefs: java.util.prefs.BackingStoreException: Couldn't get file lock.
2024-03-10 17:17:54,705 [ERROR] LogOutputStream:75 - [STDERR_REDIRECT] 
2024-03-10 17:18:24,702 [ERROR] LogOutputStream:75 - [STDERR_REDIRECT] Mar 10, 2024 5:18:24 PM java.util.prefs.FileSystemPreferences checkLockFile0ErrorCode
2024-03-10 17:18:24,702 [ERROR] LogOutputStream:75 - [STDERR_REDIRECT] WARNING: Could not lock System prefs. Unix error code 30940.
2024-03-10 17:18:24,702 [ERROR] LogOutputStream:75 - [STDERR_REDIRECT] 
2024-03-10 17:18:24,703 [ERROR] LogOutputStream:75 - [STDERR_REDIRECT] Mar 10, 2024 5:18:24 PM java.util.prefs.FileSystemPreferences syncWorld
2024-03-10 17:18:24,703 [ERROR] LogOutputStream:75 - [STDERR_REDIRECT] WARNING: Couldn't flush system prefs: java.util.prefs.BackingStoreException: Couldn't get file lock.
2024-03-10 17:18:24,703 [ERROR] LogOutputStream:75 - [STDERR_REDIRECT] 
2024-03-10 17:18:54,702 [ERROR] LogOutputStream:75 - [STDERR_REDIRECT] Mar 10, 2024 5:18:54 PM java.util.prefs.FileSystemPreferences checkLockFile0ErrorCode
2024-03-10 17:18:54,703 [ERROR] LogOutputStream:75 - [STDERR_REDIRECT] WARNING: Could not lock System prefs. Unix error code 30940.
2024-03-10 17:18:54,703 [ERROR] LogOutputStream:75 - [STDERR_REDIRECT] 
2024-03-10 17:18:54,704 [ERROR] LogOutputStream:75 - [STDERR_REDIRECT] Mar 10, 2024 5:18:54 PM java.util.prefs.FileSystemPreferences syncWorld
2024-03-10 17:18:54,704 [ERROR] LogOutputStream:75 - [STDERR_REDIRECT] WARNING: Couldn't flush system prefs: java.util.prefs.BackingStoreException: Couldn't get file lock.
2024-03-10 17:18:54,705 [ERROR] LogOutputStream:75 - [STDERR_REDIRECT] 
2024-03-10 17:19:24,702 [ERROR] LogOutputStream:75 - [STDERR_REDIRECT] Mar 10, 2024 5:19:24 PM java.util.prefs.FileSystemPreferences checkLockFile0ErrorCode
2024-03-10 17:19:24,702 [ERROR] LogOutputStream:75 - [STDERR_REDIRECT] WARNING: Could not lock System prefs. Unix error code 30940.
2024-03-10 17:19:24,702 [ERROR] LogOutputStream:75 - [STDERR_REDIRECT] 
2024-03-10 17:19:24,703 [ERROR] LogOutputStream:75 - [STDERR_REDIRECT] Mar 10, 2024 5:19:24 PM java.util.prefs.FileSystemPreferences syncWorld
2024-03-10 17:19:24,703 [ERROR] LogOutputStream:75 - [STDERR_REDIRECT] WARNING: Couldn't flush system prefs: java.util.prefs.BackingStoreException: Couldn't get file lock.
2024-03-10 17:19:24,703 [ERROR] LogOutputStream:75 - [STDERR_REDIRECT] 
2024-03-10 17:19:54,702 [ERROR] LogOutputStream:75 - [STDERR_REDIRECT] Mar 10, 2024 5:19:54 PM java.util.prefs.FileSystemPreferences checkLockFile0ErrorCode
2024-03-10 17:19:54,702 [ERROR] LogOutputStream:75 - [STDERR_REDIRECT] WARNING: Could not lock System prefs. Unix error code 30940.
2024-03-10 17:19:54,702 [ERROR] LogOutputStream:75 - [STDERR_REDIRECT] 
2024-03-10 17:19:54,703 [ERROR] LogOutputStream:75 - [STDERR_REDIRECT] Mar 10, 2024 5:19:54 PM java.util.prefs.FileSystemPreferences syncWorld
2024-03-10 17:19:54,703 [ERROR] LogOutputStream:75 - [STDERR_REDIRECT] WARNING: Couldn't flush system prefs: java.util.prefs.BackingStoreException: Couldn't get file lock.
2024-03-10 17:19:54,703 [ERROR] LogOutputStream:75 - [STDERR_REDIRECT] 
2024-03-10 17:20:24,701 [ERROR] LogOutputStream:75 - [STDERR_REDIRECT] Mar 10, 2024 5:20:24 PM java.util.prefs.FileSystemPreferences checkLockFile0ErrorCode
2024-03-10 17:20:24,702 [ERROR] LogOutputStream:75 - [STDERR_REDIRECT] WARNING: Could not lock System prefs. Unix error code 30940.
2024-03-10 17:20:24,702 [ERROR] LogOutputStream:75 - [STDERR_REDIRECT] 
2024-03-10 17:20:24,702 [ERROR] LogOutputStream:75 - [STDERR_REDIRECT] Mar 10, 2024 5:20:24 PM java.util.prefs.FileSystemPreferences syncWorld
2024-03-10 17:20:24,702 [ERROR] LogOutputStream:75 - [STDERR_REDIRECT] WARNING: Couldn't flush system prefs: java.util.prefs.BackingStoreException: Couldn't get file lock.
2024-03-10 17:20:24,702 [ERROR] LogOutputStream:75 - [STDERR_REDIRECT] 
2024-03-10 17:20:54,701 [ERROR] LogOutputStream:75 - [STDERR_REDIRECT] Mar 10, 2024 5:20:54 PM java.util.prefs.FileSystemPreferences checkLockFile0ErrorCode
2024-03-10 17:20:54,702 [ERROR] LogOutputStream:75 - [STDERR_REDIRECT] WARNING: Could not lock System prefs. Unix error code 30940.
2024-03-10 17:20:54,702 [ERROR] LogOutputStream:75 - [STDERR_REDIRECT] 
2024-03-10 17:20:54,702 [ERROR] LogOutputStream:75 - [STDERR_REDIRECT] Mar 10, 2024 5:20:54 PM java.util.prefs.FileSystemPreferences syncWorld
2024-03-10 17:20:54,703 [ERROR] LogOutputStream:75 - [STDERR_REDIRECT] WARNING: Couldn't flush system prefs: java.util.prefs.BackingStoreException: Couldn't get file lock.
2024-03-10 17:20:54,703 [ERROR] LogOutputStream:75 - [STDERR_REDIRECT] 
2024-03-10 17:21:24,702 [ERROR] LogOutputStream:75 - [STDERR_REDIRECT] Mar 10, 2024 5:21:24 PM java.util.prefs.FileSystemPreferences checkLockFile0ErrorCode
2024-03-10 17:21:24,702 [ERROR] LogOutputStream:75 - [STDERR_REDIRECT] WARNING: Could not lock System prefs. Unix error code 30940.
2024-03-10 17:21:24,702 [ERROR] LogOutputStream:75 - [STDERR_REDIRECT] 
2024-03-10 17:21:24,703 [ERROR] LogOutputStream:75 - [STDERR_REDIRECT] Mar 10, 2024 5:21:24 PM java.util.prefs.FileSystemPreferences syncWorld
2024-03-10 17:21:24,703 [ERROR] LogOutputStream:75 - [STDERR_REDIRECT] WARNING: Couldn't flush system prefs: java.util.prefs.BackingStoreException: Couldn't get file lock.
2024-03-10 17:21:24,703 [ERROR] LogOutputStream:75 - [STDERR_REDIRECT] 
2024-03-10 17:21:54,702 [ERROR] LogOutputStream:75 - [STDERR_REDIRECT] Mar 10, 2024 5:21:54 PM java.util.prefs.FileSystemPreferences checkLockFile0ErrorCode
2024-03-10 17:21:54,702 [ERROR] LogOutputStream:75 - [STDERR_REDIRECT] WARNING: Could not lock System prefs. Unix error code 30940.
2024-03-10 17:21:54,703 [ERROR] LogOutputStream:75 - [STDERR_REDIRECT] 
2024-03-10 17:21:54,703 [ERROR] LogOutputStream:75 - [STDERR_REDIRECT] Mar 10, 2024 5:21:54 PM java.util.prefs.FileSystemPreferences syncWorld
2024-03-10 17:21:54,703 [ERROR] LogOutputStream:75 - [STDERR_REDIRECT] WARNING: Couldn't flush system prefs: java.util.prefs.BackingStoreException: Couldn't get file lock.
2024-03-10 17:21:54,703 [ERROR] LogOutputStream:75 - [STDERR_REDIRECT] 
2024-03-10 17:22:24,705 [ERROR] LogOutputStream:75 - [STDERR_REDIRECT] Mar 10, 2024 5:22:24 PM java.util.prefs.FileSystemPreferences checkLockFile0ErrorCode
2024-03-10 17:22:24,705 [ERROR] LogOutputStream:75 - [STDERR_REDIRECT] WARNING: Could not lock System prefs. Unix error code 30940.
2024-03-10 17:22:24,705 [ERROR] LogOutputStream:75 - [STDERR_REDIRECT] 
2024-03-10 17:22:24,706 [ERROR] LogOutputStream:75 - [STDERR_REDIRECT] Mar 10, 2024 5:22:24 PM java.util.prefs.FileSystemPreferences syncWorld
2024-03-10 17:22:24,706 [ERROR] LogOutputStream:75 - [STDERR_REDIRECT] WARNING: Couldn't flush system prefs: java.util.prefs.BackingStoreException: Couldn't get file lock.
2024-03-10 17:22:24,706 [ERROR] LogOutputStream:75 - [STDERR_REDIRECT] 
2024-03-10 17:22:54,703 [ERROR] LogOutputStream:75 - [STDERR_REDIRECT] Mar 10, 2024 5:22:54 PM java.util.prefs.FileSystemPreferences checkLockFile0ErrorCode
2024-03-10 17:22:54,703 [ERROR] LogOutputStream:75 - [STDERR_REDIRECT] WARNING: Could not lock System prefs. Unix error code 30940.
2024-03-10 17:22:54,703 [ERROR] LogOutputStream:75 - [STDERR_REDIRECT] 
2024-03-10 17:22:54,703 [ERROR] LogOutputStream:75 - [STDERR_REDIRECT] Mar 10, 2024 5:22:54 PM java.util.prefs.FileSystemPreferences syncWorld
2024-03-10 17:22:54,703 [ERROR] LogOutputStream:75 - [STDERR_REDIRECT] WARNING: Couldn't flush system prefs: java.util.prefs.BackingStoreException: Couldn't get file lock.
2024-03-10 17:22:54,703 [ERROR] LogOutputStream:75 - [STDERR_REDIRECT] 
2024-03-10 17:23:24,702 [ERROR] LogOutputStream:75 - [STDERR_REDIRECT] Mar 10, 2024 5:23:24 PM java.util.prefs.FileSystemPreferences checkLockFile0ErrorCode
2024-03-10 17:23:24,703 [ERROR] LogOutputStream:75 - [STDERR_REDIRECT] WARNING: Could not lock System prefs. Unix error code 30940.
2024-03-10 17:23:24,703 [ERROR] LogOutputStream:75 - [STDERR_REDIRECT] 
2024-03-10 17:23:24,703 [ERROR] LogOutputStream:75 - [STDERR_REDIRECT] Mar 10, 2024 5:23:24 PM java.util.prefs.FileSystemPreferences syncWorld
2024-03-10 17:23:24,703 [ERROR] LogOutputStream:75 - [STDERR_REDIRECT] WARNING: Couldn't flush system prefs: java.util.prefs.BackingStoreException: Couldn't get file lock.
2024-03-10 17:23:24,703 [ERROR] LogOutputStream:75 - [STDERR_REDIRECT] 
2024-03-10 17:23:54,704 [ERROR] LogOutputStream:75 - [STDERR_REDIRECT] Mar 10, 2024 5:23:54 PM java.util.prefs.FileSystemPreferences checkLockFile0ErrorCode
2024-03-10 17:23:54,704 [ERROR] LogOutputStream:75 - [STDERR_REDIRECT] WARNING: Could not lock System prefs. Unix error code 30940.
2024-03-10 17:23:54,705 [ERROR] LogOutputStream:75 - [STDERR_REDIRECT] 
2024-03-10 17:23:54,706 [ERROR] LogOutputStream:75 - [STDERR_REDIRECT] Mar 10, 2024 5:23:54 PM java.util.prefs.FileSystemPreferences syncWorld
2024-03-10 17:23:54,706 [ERROR] LogOutputStream:75 - [STDERR_REDIRECT] WARNING: Couldn't flush system prefs: java.util.prefs.BackingStoreException: Couldn't get file lock.
2024-03-10 17:23:54,706 [ERROR] LogOutputStream:75 - [STDERR_REDIRECT] 
2024-03-10 17:24:24,703 [ERROR] LogOutputStream:75 - [STDERR_REDIRECT] Mar 10, 2024 5:24:24 PM java.util.prefs.FileSystemPreferences checkLockFile0ErrorCode
2024-03-10 17:24:24,703 [ERROR] LogOutputStream:75 - [STDERR_REDIRECT] WARNING: Could not lock System prefs. Unix error code 30940.
2024-03-10 17:24:24,703 [ERROR] LogOutputStream:75 - [STDERR_REDIRECT] 
2024-03-10 17:24:24,704 [ERROR] LogOutputStream:75 - [STDERR_REDIRECT] Mar 10, 2024 5:24:24 PM java.util.prefs.FileSystemPreferences syncWorld
2024-03-10 17:24:24,704 [ERROR] LogOutputStream:75 - [STDERR_REDIRECT] WARNING: Couldn't flush system prefs: java.util.prefs.BackingStoreException: Couldn't get file lock.
2024-03-10 17:24:24,704 [ERROR] LogOutputStream:75 - [STDERR_REDIRECT] 
2024-03-10 17:24:54,705 [ERROR] LogOutputStream:75 - [STDERR_REDIRECT] Mar 10, 2024 5:24:54 PM java.util.prefs.FileSystemPreferences checkLockFile0ErrorCode
2024-03-10 17:24:54,705 [ERROR] LogOutputStream:75 - [STDERR_REDIRECT] WARNING: Could not lock System prefs. Unix error code 30940.
2024-03-10 17:24:54,705 [ERROR] LogOutputStream:75 - [STDERR_REDIRECT] 
2024-03-10 17:24:54,706 [ERROR] LogOutputStream:75 - [STDERR_REDIRECT] Mar 10, 2024 5:24:54 PM java.util.prefs.FileSystemPreferences syncWorld
2024-03-10 17:24:54,706 [ERROR] LogOutputStream:75 - [STDERR_REDIRECT] WARNING: Couldn't flush system prefs: java.util.prefs.BackingStoreException: Couldn't get file lock.
2024-03-10 17:24:54,706 [ERROR] LogOutputStream:75 - [STDERR_REDIRECT] 
2024-03-10 17:25:24,707 [ERROR] LogOutputStream:75 - [STDERR_REDIRECT] Mar 10, 2024 5:25:24 PM java.util.prefs.FileSystemPreferences checkLockFile0ErrorCode
2024-03-10 17:25:24,707 [ERROR] LogOutputStream:75 - [STDERR_REDIRECT] WARNING: Could not lock System prefs. Unix error code 30940.
2024-03-10 17:25:24,718 [ERROR] LogOutputStream:75 - [STDERR_REDIRECT] 
2024-03-10 17:25:24,719 [ERROR] LogOutputStream:75 - [STDERR_REDIRECT] Mar 10, 2024 5:25:24 PM java.util.prefs.FileSystemPreferences syncWorld
2024-03-10 17:25:24,719 [ERROR] LogOutputStream:75 - [STDERR_REDIRECT] WARNING: Couldn't flush system prefs: java.util.prefs.BackingStoreException: Couldn't get file lock.
2024-03-10 17:25:24,719 [ERROR] LogOutputStream:75 - [STDERR_REDIRECT] 
2024-03-10 17:25:54,704 [ERROR] LogOutputStream:75 - [STDERR_REDIRECT] Mar 10, 2024 5:25:54 PM java.util.prefs.FileSystemPreferences checkLockFile0ErrorCode
2024-03-10 17:25:54,704 [ERROR] LogOutputStream:75 - [STDERR_REDIRECT] WARNING: Could not lock System prefs. Unix error code 30940.
2024-03-10 17:25:54,705 [ERROR] LogOutputStream:75 - [STDERR_REDIRECT] 
2024-03-10 17:25:54,705 [ERROR] LogOutputStream:75 - [STDERR_REDIRECT] Mar 10, 2024 5:25:54 PM java.util.prefs.FileSystemPreferences syncWorld
2024-03-10 17:25:54,705 [ERROR] LogOutputStream:75 - [STDERR_REDIRECT] WARNING: Couldn't flush system prefs: java.util.prefs.BackingStoreException: Couldn't get file lock.
2024-03-10 17:25:54,706 [ERROR] LogOutputStream:75 - [STDERR_REDIRECT] 
2024-03-10 17:26:24,703 [ERROR] LogOutputStream:75 - [STDERR_REDIRECT] Mar 10, 2024 5:26:24 PM java.util.prefs.FileSystemPreferences checkLockFile0ErrorCode
2024-03-10 17:26:24,704 [ERROR] LogOutputStream:75 - [STDERR_REDIRECT] WARNING: Could not lock System prefs. Unix error code 30940.
2024-03-10 17:26:24,704 [ERROR] LogOutputStream:75 - [STDERR_REDIRECT] 
2024-03-10 17:26:24,704 [ERROR] LogOutputStream:75 - [STDERR_REDIRECT] Mar 10, 2024 5:26:24 PM java.util.prefs.FileSystemPreferences syncWorld
2024-03-10 17:26:24,704 [ERROR] LogOutputStream:75 - [STDERR_REDIRECT] WARNING: Couldn't flush system prefs: java.util.prefs.BackingStoreException: Couldn't get file lock.
2024-03-10 17:26:24,705 [ERROR] LogOutputStream:75 - [STDERR_REDIRECT] 
2024-03-10 17:26:54,705 [ERROR] LogOutputStream:75 - [STDERR_REDIRECT] Mar 10, 2024 5:26:54 PM java.util.prefs.FileSystemPreferences checkLockFile0ErrorCode
2024-03-10 17:26:54,705 [ERROR] LogOutputStream:75 - [STDERR_REDIRECT] WARNING: Could not lock System prefs. Unix error code 30940.
2024-03-10 17:26:54,705 [ERROR] LogOutputStream:75 - [STDERR_REDIRECT] 
2024-03-10 17:26:54,706 [ERROR] LogOutputStream:75 - [STDERR_REDIRECT] Mar 10, 2024 5:26:54 PM java.util.prefs.FileSystemPreferences syncWorld
2024-03-10 17:26:54,706 [ERROR] LogOutputStream:75 - [STDERR_REDIRECT] WARNING: Couldn't flush system prefs: java.util.prefs.BackingStoreException: Couldn't get file lock.
2024-03-10 17:26:54,706 [ERROR] LogOutputStream:75 - [STDERR_REDIRECT] 
2024-03-10 17:27:24,704 [ERROR] LogOutputStream:75 - [STDERR_REDIRECT] Mar 10, 2024 5:27:24 PM java.util.prefs.FileSystemPreferences checkLockFile0ErrorCode
2024-03-10 17:27:24,704 [ERROR] LogOutputStream:75 - [STDERR_REDIRECT] WARNING: Could not lock System prefs. Unix error code 30940.
2024-03-10 17:27:24,704 [ERROR] LogOutputStream:75 - [STDERR_REDIRECT] 
2024-03-10 17:27:24,705 [ERROR] LogOutputStream:75 - [STDERR_REDIRECT] Mar 10, 2024 5:27:24 PM java.util.prefs.FileSystemPreferences syncWorld
2024-03-10 17:27:24,705 [ERROR] LogOutputStream:75 - [STDERR_REDIRECT] WARNING: Couldn't flush system prefs: java.util.prefs.BackingStoreException: Couldn't get file lock.
2024-03-10 17:27:24,705 [ERROR] LogOutputStream:75 - [STDERR_REDIRECT] 
2024-03-10 17:27:54,703 [ERROR] LogOutputStream:75 - [STDERR_REDIRECT] Mar 10, 2024 5:27:54 PM java.util.prefs.FileSystemPreferences checkLockFile0ErrorCode
2024-03-10 17:27:54,704 [ERROR] LogOutputStream:75 - [STDERR_REDIRECT] WARNING: Could not lock System prefs. Unix error code 30940.
2024-03-10 17:27:54,704 [ERROR] LogOutputStream:75 - [STDERR_REDIRECT] 
2024-03-10 17:27:54,704 [ERROR] LogOutputStream:75 - [STDERR_REDIRECT] Mar 10, 2024 5:27:54 PM java.util.prefs.FileSystemPreferences syncWorld
2024-03-10 17:27:54,704 [ERROR] LogOutputStream:75 - [STDERR_REDIRECT] WARNING: Couldn't flush system prefs: java.util.prefs.BackingStoreException: Couldn't get file lock.
2024-03-10 17:27:54,705 [ERROR] LogOutputStream:75 - [STDERR_REDIRECT] 
2024-03-10 17:28:24,703 [ERROR] LogOutputStream:75 - [STDERR_REDIRECT] Mar 10, 2024 5:28:24 PM java.util.prefs.FileSystemPreferences checkLockFile0ErrorCode
2024-03-10 17:28:24,703 [ERROR] LogOutputStream:75 - [STDERR_REDIRECT] WARNING: Could not lock System prefs. Unix error code 30940.
2024-03-10 17:28:24,704 [ERROR] LogOutputStream:75 - [STDERR_REDIRECT] 
2024-03-10 17:28:24,704 [ERROR] LogOutputStream:75 - [STDERR_REDIRECT] Mar 10, 2024 5:28:24 PM java.util.prefs.FileSystemPreferences syncWorld
2024-03-10 17:28:24,704 [ERROR] LogOutputStream:75 - [STDERR_REDIRECT] WARNING: Couldn't flush system prefs: java.util.prefs.BackingStoreException: Couldn't get file lock.
2024-03-10 17:28:24,704 [ERROR] LogOutputStream:75 - [STDERR_REDIRECT] 
2024-03-10 17:28:54,704 [ERROR] LogOutputStream:75 - [STDERR_REDIRECT] Mar 10, 2024 5:28:54 PM java.util.prefs.FileSystemPreferences checkLockFile0ErrorCode
2024-03-10 17:28:54,704 [ERROR] LogOutputStream:75 - [STDERR_REDIRECT] WARNING: Could not lock System prefs. Unix error code 30940.
2024-03-10 17:28:54,715 [ERROR] LogOutputStream:75 - [STDERR_REDIRECT] 
2024-03-10 17:28:54,716 [ERROR] LogOutputStream:75 - [STDERR_REDIRECT] Mar 10, 2024 5:28:54 PM java.util.prefs.FileSystemPreferences syncWorld
2024-03-10 17:28:54,717 [ERROR] LogOutputStream:75 - [STDERR_REDIRECT] WARNING: Couldn't flush system prefs: java.util.prefs.BackingStoreException: Couldn't get file lock.
2024-03-10 17:28:54,717 [ERROR] LogOutputStream:75 - [STDERR_REDIRECT] 
2024-03-10 17:29:24,705 [ERROR] LogOutputStream:75 - [STDERR_REDIRECT] Mar 10, 2024 5:29:24 PM java.util.prefs.FileSystemPreferences checkLockFile0ErrorCode
2024-03-10 17:29:24,705 [ERROR] LogOutputStream:75 - [STDERR_REDIRECT] WARNING: Could not lock System prefs. Unix error code -95818884.
2024-03-10 17:29:24,705 [ERROR] LogOutputStream:75 - [STDERR_REDIRECT] 
2024-03-10 17:29:24,705 [ERROR] LogOutputStream:75 - [STDERR_REDIRECT] Mar 10, 2024 5:29:24 PM java.util.prefs.FileSystemPreferences syncWorld
2024-03-10 17:29:24,706 [ERROR] LogOutputStream:75 - [STDERR_REDIRECT] WARNING: Couldn't flush system prefs: java.util.prefs.BackingStoreException: Couldn't get file lock.
2024-03-10 17:29:24,706 [ERROR] LogOutputStream:75 - [STDERR_REDIRECT] 
2024-03-10 17:29:54,704 [ERROR] LogOutputStream:75 - [STDERR_REDIRECT] Mar 10, 2024 5:29:54 PM java.util.prefs.FileSystemPreferences checkLockFile0ErrorCode
2024-03-10 17:29:54,705 [ERROR] LogOutputStream:75 - [STDERR_REDIRECT] WARNING: Could not lock System prefs. Unix error code -95818884.
2024-03-10 17:29:54,705 [ERROR] LogOutputStream:75 - [STDERR_REDIRECT] 
2024-03-10 17:29:54,705 [ERROR] LogOutputStream:75 - [STDERR_REDIRECT] Mar 10, 2024 5:29:54 PM java.util.prefs.FileSystemPreferences syncWorld
2024-03-10 17:29:54,705 [ERROR] LogOutputStream:75 - [STDERR_REDIRECT] WARNING: Couldn't flush system prefs: java.util.prefs.BackingStoreException: Couldn't get file lock.
2024-03-10 17:29:54,706 [ERROR] LogOutputStream:75 - [STDERR_REDIRECT] 
2024-03-10 17:30:24,704 [ERROR] LogOutputStream:75 - [STDERR_REDIRECT] Mar 10, 2024 5:30:24 PM java.util.prefs.FileSystemPreferences checkLockFile0ErrorCode
2024-03-10 17:30:24,705 [ERROR] LogOutputStream:75 - [STDERR_REDIRECT] WARNING: Could not lock System prefs. Unix error code -95818884.
2024-03-10 17:30:24,705 [ERROR] LogOutputStream:75 - [STDERR_REDIRECT] 
2024-03-10 17:30:24,705 [ERROR] LogOutputStream:75 - [STDERR_REDIRECT] Mar 10, 2024 5:30:24 PM java.util.prefs.FileSystemPreferences syncWorld
2024-03-10 17:30:24,705 [ERROR] LogOutputStream:75 - [STDERR_REDIRECT] WARNING: Couldn't flush system prefs: java.util.prefs.BackingStoreException: Couldn't get file lock.
2024-03-10 17:30:24,706 [ERROR] LogOutputStream:75 - [STDERR_REDIRECT] 
2024-03-10 17:30:54,703 [ERROR] LogOutputStream:75 - [STDERR_REDIRECT] Mar 10, 2024 5:30:54 PM java.util.prefs.FileSystemPreferences checkLockFile0ErrorCode
2024-03-10 17:30:54,703 [ERROR] LogOutputStream:75 - [STDERR_REDIRECT] WARNING: Could not lock System prefs. Unix error code -95818884.
2024-03-10 17:30:54,703 [ERROR] LogOutputStream:75 - [STDERR_REDIRECT] 
2024-03-10 17:30:54,704 [ERROR] LogOutputStream:75 - [STDERR_REDIRECT] Mar 10, 2024 5:30:54 PM java.util.prefs.FileSystemPreferences syncWorld
2024-03-10 17:30:54,704 [ERROR] LogOutputStream:75 - [STDERR_REDIRECT] WARNING: Couldn't flush system prefs: java.util.prefs.BackingStoreException: Couldn't get file lock.
2024-03-10 17:30:54,704 [ERROR] LogOutputStream:75 - [STDERR_REDIRECT] 
2024-03-10 17:31:24,704 [ERROR] LogOutputStream:75 - [STDERR_REDIRECT] Mar 10, 2024 5:31:24 PM java.util.prefs.FileSystemPreferences checkLockFile0ErrorCode
2024-03-10 17:31:24,704 [ERROR] LogOutputStream:75 - [STDERR_REDIRECT] WARNING: Could not lock System prefs. Unix error code -95818884.
2024-03-10 17:31:24,704 [ERROR] LogOutputStream:75 - [STDERR_REDIRECT] 
2024-03-10 17:31:24,704 [ERROR] LogOutputStream:75 - [STDERR_REDIRECT] Mar 10, 2024 5:31:24 PM java.util.prefs.FileSystemPreferences syncWorld
2024-03-10 17:31:24,704 [ERROR] LogOutputStream:75 - [STDERR_REDIRECT] WARNING: Couldn't flush system prefs: java.util.prefs.BackingStoreException: Couldn't get file lock.
2024-03-10 17:31:24,704 [ERROR] LogOutputStream:75 - [STDERR_REDIRECT] 
2024-03-10 17:31:54,705 [ERROR] LogOutputStream:75 - [STDERR_REDIRECT] Mar 10, 2024 5:31:54 PM java.util.prefs.FileSystemPreferences checkLockFile0ErrorCode
2024-03-10 17:31:54,705 [ERROR] LogOutputStream:75 - [STDERR_REDIRECT] WARNING: Could not lock System prefs. Unix error code -95818884.
2024-03-10 17:31:54,705 [ERROR] LogOutputStream:75 - [STDERR_REDIRECT] 
2024-03-10 17:31:54,705 [ERROR] LogOutputStream:75 - [STDERR_REDIRECT] Mar 10, 2024 5:31:54 PM java.util.prefs.FileSystemPreferences syncWorld
2024-03-10 17:31:54,705 [ERROR] LogOutputStream:75 - [STDERR_REDIRECT] WARNING: Couldn't flush system prefs: java.util.prefs.BackingStoreException: Couldn't get file lock.
2024-03-10 17:31:54,705 [ERROR] LogOutputStream:75 - [STDERR_REDIRECT] 
2024-03-10 17:32:24,704 [ERROR] LogOutputStream:75 - [STDERR_REDIRECT] Mar 10, 2024 5:32:24 PM java.util.prefs.FileSystemPreferences checkLockFile0ErrorCode
2024-03-10 17:32:24,704 [ERROR] LogOutputStream:75 - [STDERR_REDIRECT] WARNING: Could not lock System prefs. Unix error code -95818884.
2024-03-10 17:32:24,705 [ERROR] LogOutputStream:75 - [STDERR_REDIRECT] 
2024-03-10 17:32:24,705 [ERROR] LogOutputStream:75 - [STDERR_REDIRECT] Mar 10, 2024 5:32:24 PM java.util.prefs.FileSystemPreferences syncWorld
2024-03-10 17:32:24,705 [ERROR] LogOutputStream:75 - [STDERR_REDIRECT] WARNING: Couldn't flush system prefs: java.util.prefs.BackingStoreException: Couldn't get file lock.
2024-03-10 17:32:24,705 [ERROR] LogOutputStream:75 - [STDERR_REDIRECT] 
2024-03-10 17:32:54,705 [ERROR] LogOutputStream:75 - [STDERR_REDIRECT] Mar 10, 2024 5:32:54 PM java.util.prefs.FileSystemPreferences checkLockFile0ErrorCode
2024-03-10 17:32:54,706 [ERROR] LogOutputStream:75 - [STDERR_REDIRECT] WARNING: Could not lock System prefs. Unix error code -95818884.
2024-03-10 17:32:54,706 [ERROR] LogOutputStream:75 - [STDERR_REDIRECT] 
2024-03-10 17:32:54,706 [ERROR] LogOutputStream:75 - [STDERR_REDIRECT] Mar 10, 2024 5:32:54 PM java.util.prefs.FileSystemPreferences syncWorld
2024-03-10 17:32:54,707 [ERROR] LogOutputStream:75 - [STDERR_REDIRECT] WARNING: Couldn't flush system prefs: java.util.prefs.BackingStoreException: Couldn't get file lock.
2024-03-10 17:32:54,707 [ERROR] LogOutputStream:75 - [STDERR_REDIRECT] 
2024-03-10 17:33:24,705 [ERROR] LogOutputStream:75 - [STDERR_REDIRECT] Mar 10, 2024 5:33:24 PM java.util.prefs.FileSystemPreferences checkLockFile0ErrorCode
2024-03-10 17:33:24,706 [ERROR] LogOutputStream:75 - [STDERR_REDIRECT] WARNING: Could not lock System prefs. Unix error code -95818884.
2024-03-10 17:33:24,706 [ERROR] LogOutputStream:75 - [STDERR_REDIRECT] 
2024-03-10 17:33:24,706 [ERROR] LogOutputStream:75 - [STDERR_REDIRECT] Mar 10, 2024 5:33:24 PM java.util.prefs.FileSystemPreferences syncWorld
2024-03-10 17:33:24,706 [ERROR] LogOutputStream:75 - [STDERR_REDIRECT] WARNING: Couldn't flush system prefs: java.util.prefs.BackingStoreException: Couldn't get file lock.
2024-03-10 17:33:24,706 [ERROR] LogOutputStream:75 - [STDERR_REDIRECT] 
2024-03-10 17:33:54,706 [ERROR] LogOutputStream:75 - [STDERR_REDIRECT] Mar 10, 2024 5:33:54 PM java.util.prefs.FileSystemPreferences checkLockFile0ErrorCode
2024-03-10 17:33:54,706 [ERROR] LogOutputStream:75 - [STDERR_REDIRECT] WARNING: Could not lock System prefs. Unix error code -95818884.
2024-03-10 17:33:54,707 [ERROR] LogOutputStream:75 - [STDERR_REDIRECT] 
2024-03-10 17:33:54,707 [ERROR] LogOutputStream:75 - [STDERR_REDIRECT] Mar 10, 2024 5:33:54 PM java.util.prefs.FileSystemPreferences syncWorld
2024-03-10 17:33:54,707 [ERROR] LogOutputStream:75 - [STDERR_REDIRECT] WARNING: Couldn't flush system prefs: java.util.prefs.BackingStoreException: Couldn't get file lock.
2024-03-10 17:33:54,707 [ERROR] LogOutputStream:75 - [STDERR_REDIRECT] 
2024-03-10 17:34:24,706 [ERROR] LogOutputStream:75 - [STDERR_REDIRECT] Mar 10, 2024 5:34:24 PM java.util.prefs.FileSystemPreferences checkLockFile0ErrorCode
2024-03-10 17:34:24,706 [ERROR] LogOutputStream:75 - [STDERR_REDIRECT] WARNING: Could not lock System prefs. Unix error code -95818884.
2024-03-10 17:34:24,706 [ERROR] LogOutputStream:75 - [STDERR_REDIRECT] 
2024-03-10 17:34:24,707 [ERROR] LogOutputStream:75 - [STDERR_REDIRECT] Mar 10, 2024 5:34:24 PM java.util.prefs.FileSystemPreferences syncWorld
2024-03-10 17:34:24,707 [ERROR] LogOutputStream:75 - [STDERR_REDIRECT] WARNING: Couldn't flush system prefs: java.util.prefs.BackingStoreException: Couldn't get file lock.
2024-03-10 17:34:24,707 [ERROR] LogOutputStream:75 - [STDERR_REDIRECT] 
2024-03-10 17:34:54,705 [ERROR] LogOutputStream:75 - [STDERR_REDIRECT] Mar 10, 2024 5:34:54 PM java.util.prefs.FileSystemPreferences checkLockFile0ErrorCode
2024-03-10 17:34:54,706 [ERROR] LogOutputStream:75 - [STDERR_REDIRECT] WARNING: Could not lock System prefs. Unix error code -95818884.
2024-03-10 17:34:54,706 [ERROR] LogOutputStream:75 - [STDERR_REDIRECT] 
2024-03-10 17:34:54,706 [ERROR] LogOutputStream:75 - [STDERR_REDIRECT] Mar 10, 2024 5:34:54 PM java.util.prefs.FileSystemPreferences syncWorld
2024-03-10 17:34:54,706 [ERROR] LogOutputStream:75 - [STDERR_REDIRECT] WARNING: Couldn't flush system prefs: java.util.prefs.BackingStoreException: Couldn't get file lock.
2024-03-10 17:34:54,707 [ERROR] LogOutputStream:75 - [STDERR_REDIRECT] 
2024-03-10 17:35:24,705 [ERROR] LogOutputStream:75 - [STDERR_REDIRECT] Mar 10, 2024 5:35:24 PM java.util.prefs.FileSystemPreferences checkLockFile0ErrorCode
2024-03-10 17:35:24,706 [ERROR] LogOutputStream:75 - [STDERR_REDIRECT] WARNING: Could not lock System prefs. Unix error code -95818884.
2024-03-10 17:35:24,706 [ERROR] LogOutputStream:75 - [STDERR_REDIRECT] 
2024-03-10 17:35:24,706 [ERROR] LogOutputStream:75 - [STDERR_REDIRECT] Mar 10, 2024 5:35:24 PM java.util.prefs.FileSystemPreferences syncWorld
2024-03-10 17:35:24,706 [ERROR] LogOutputStream:75 - [STDERR_REDIRECT] WARNING: Couldn't flush system prefs: java.util.prefs.BackingStoreException: Couldn't get file lock.
2024-03-10 17:35:24,707 [ERROR] LogOutputStream:75 - [STDERR_REDIRECT] 
2024-03-10 17:35:54,705 [ERROR] LogOutputStream:75 - [STDERR_REDIRECT] Mar 10, 2024 5:35:54 PM java.util.prefs.FileSystemPreferences checkLockFile0ErrorCode
2024-03-10 17:35:54,705 [ERROR] LogOutputStream:75 - [STDERR_REDIRECT] WARNING: Could not lock System prefs. Unix error code -95818884.
2024-03-10 17:35:54,706 [ERROR] LogOutputStream:75 - [STDERR_REDIRECT] 
2024-03-10 17:35:54,706 [ERROR] LogOutputStream:75 - [STDERR_REDIRECT] Mar 10, 2024 5:35:54 PM java.util.prefs.FileSystemPreferences syncWorld
2024-03-10 17:35:54,706 [ERROR] LogOutputStream:75 - [STDERR_REDIRECT] WARNING: Couldn't flush system prefs: java.util.prefs.BackingStoreException: Couldn't get file lock.
2024-03-10 17:35:54,706 [ERROR] LogOutputStream:75 - [STDERR_REDIRECT] 
2024-03-10 17:36:24,706 [ERROR] LogOutputStream:75 - [STDERR_REDIRECT] Mar 10, 2024 5:36:24 PM java.util.prefs.FileSystemPreferences checkLockFile0ErrorCode
2024-03-10 17:36:24,707 [ERROR] LogOutputStream:75 - [STDERR_REDIRECT] WARNING: Could not lock System prefs. Unix error code -95818884.
2024-03-10 17:36:24,707 [ERROR] LogOutputStream:75 - [STDERR_REDIRECT] 
2024-03-10 17:36:24,707 [ERROR] LogOutputStream:75 - [STDERR_REDIRECT] Mar 10, 2024 5:36:24 PM java.util.prefs.FileSystemPreferences syncWorld
2024-03-10 17:36:24,707 [ERROR] LogOutputStream:75 - [STDERR_REDIRECT] WARNING: Couldn't flush system prefs: java.util.prefs.BackingStoreException: Couldn't get file lock.
2024-03-10 17:36:24,707 [ERROR] LogOutputStream:75 - [STDERR_REDIRECT] 
2024-03-10 17:36:54,706 [ERROR] LogOutputStream:75 - [STDERR_REDIRECT] Mar 10, 2024 5:36:54 PM java.util.prefs.FileSystemPreferences checkLockFile0ErrorCode
2024-03-10 17:36:54,707 [ERROR] LogOutputStream:75 - [STDERR_REDIRECT] WARNING: Could not lock System prefs. Unix error code -95818884.
2024-03-10 17:36:54,707 [ERROR] LogOutputStream:75 - [STDERR_REDIRECT] 
2024-03-10 17:36:54,708 [ERROR] LogOutputStream:75 - [STDERR_REDIRECT] Mar 10, 2024 5:36:54 PM java.util.prefs.FileSystemPreferences syncWorld
2024-03-10 17:36:54,708 [ERROR] LogOutputStream:75 - [STDERR_REDIRECT] WARNING: Couldn't flush system prefs: java.util.prefs.BackingStoreException: Couldn't get file lock.
2024-03-10 17:36:54,708 [ERROR] LogOutputStream:75 - [STDERR_REDIRECT] 
2024-03-10 17:37:24,706 [ERROR] LogOutputStream:75 - [STDERR_REDIRECT] Mar 10, 2024 5:37:24 PM java.util.prefs.FileSystemPreferences checkLockFile0ErrorCode
2024-03-10 17:37:24,707 [ERROR] LogOutputStream:75 - [STDERR_REDIRECT] WARNING: Could not lock System prefs. Unix error code -95818884.
2024-03-10 17:37:24,707 [ERROR] LogOutputStream:75 - [STDERR_REDIRECT] 
2024-03-10 17:37:24,707 [ERROR] LogOutputStream:75 - [STDERR_REDIRECT] Mar 10, 2024 5:37:24 PM java.util.prefs.FileSystemPreferences syncWorld
2024-03-10 17:37:24,707 [ERROR] LogOutputStream:75 - [STDERR_REDIRECT] WARNING: Couldn't flush system prefs: java.util.prefs.BackingStoreException: Couldn't get file lock.
2024-03-10 17:37:24,707 [ERROR] LogOutputStream:75 - [STDERR_REDIRECT] 
2024-03-10 17:37:54,706 [ERROR] LogOutputStream:75 - [STDERR_REDIRECT] Mar 10, 2024 5:37:54 PM java.util.prefs.FileSystemPreferences checkLockFile0ErrorCode
2024-03-10 17:37:54,707 [ERROR] LogOutputStream:75 - [STDERR_REDIRECT] WARNING: Could not lock System prefs. Unix error code -95818884.
2024-03-10 17:37:54,707 [ERROR] LogOutputStream:75 - [STDERR_REDIRECT] 
2024-03-10 17:37:54,707 [ERROR] LogOutputStream:75 - [STDERR_REDIRECT] Mar 10, 2024 5:37:54 PM java.util.prefs.FileSystemPreferences syncWorld
2024-03-10 17:37:54,707 [ERROR] LogOutputStream:75 - [STDERR_REDIRECT] WARNING: Couldn't flush system prefs: java.util.prefs.BackingStoreException: Couldn't get file lock.
2024-03-10 17:37:54,707 [ERROR] LogOutputStream:75 - [STDERR_REDIRECT] 
2024-03-10 17:38:24,707 [ERROR] LogOutputStream:75 - [STDERR_REDIRECT] Mar 10, 2024 5:38:24 PM java.util.prefs.FileSystemPreferences checkLockFile0ErrorCode
2024-03-10 17:38:24,707 [ERROR] LogOutputStream:75 - [STDERR_REDIRECT] WARNING: Could not lock System prefs. Unix error code -95818884.
2024-03-10 17:38:24,708 [ERROR] LogOutputStream:75 - [STDERR_REDIRECT] 
2024-03-10 17:38:24,708 [ERROR] LogOutputStream:75 - [STDERR_REDIRECT] Mar 10, 2024 5:38:24 PM java.util.prefs.FileSystemPreferences syncWorld
2024-03-10 17:38:24,708 [ERROR] LogOutputStream:75 - [STDERR_REDIRECT] WARNING: Couldn't flush system prefs: java.util.prefs.BackingStoreException: Couldn't get file lock.
2024-03-10 17:38:24,708 [ERROR] LogOutputStream:75 - [STDERR_REDIRECT] 
2024-03-10 17:38:54,708 [ERROR] LogOutputStream:75 - [STDERR_REDIRECT] Mar 10, 2024 5:38:54 PM java.util.prefs.FileSystemPreferences checkLockFile0ErrorCode
2024-03-10 17:38:54,708 [ERROR] LogOutputStream:75 - [STDERR_REDIRECT] WARNING: Could not lock System prefs. Unix error code -95818884.
2024-03-10 17:38:54,708 [ERROR] LogOutputStream:75 - [STDERR_REDIRECT] 
2024-03-10 17:38:54,709 [ERROR] LogOutputStream:75 - [STDERR_REDIRECT] Mar 10, 2024 5:38:54 PM java.util.prefs.FileSystemPreferences syncWorld
2024-03-10 17:38:54,709 [ERROR] LogOutputStream:75 - [STDERR_REDIRECT] WARNING: Couldn't flush system prefs: java.util.prefs.BackingStoreException: Couldn't get file lock.
2024-03-10 17:38:54,709 [ERROR] LogOutputStream:75 - [STDERR_REDIRECT] 
2024-03-10 17:39:24,708 [ERROR] LogOutputStream:75 - [STDERR_REDIRECT] Mar 10, 2024 5:39:24 PM java.util.prefs.FileSystemPreferences checkLockFile0ErrorCode
2024-03-10 17:39:24,708 [ERROR] LogOutputStream:75 - [STDERR_REDIRECT] WARNING: Could not lock System prefs. Unix error code -95818884.
2024-03-10 17:39:24,708 [ERROR] LogOutputStream:75 - [STDERR_REDIRECT] 
2024-03-10 17:39:24,709 [ERROR] LogOutputStream:75 - [STDERR_REDIRECT] Mar 10, 2024 5:39:24 PM java.util.prefs.FileSystemPreferences syncWorld
2024-03-10 17:39:24,709 [ERROR] LogOutputStream:75 - [STDERR_REDIRECT] WARNING: Couldn't flush system prefs: java.util.prefs.BackingStoreException: Couldn't get file lock.
2024-03-10 17:39:24,709 [ERROR] LogOutputStream:75 - [STDERR_REDIRECT] 
2024-03-10 17:39:54,710 [ERROR] LogOutputStream:75 - [STDERR_REDIRECT] Mar 10, 2024 5:39:54 PM java.util.prefs.FileSystemPreferences checkLockFile0ErrorCode
2024-03-10 17:39:54,710 [ERROR] LogOutputStream:75 - [STDERR_REDIRECT] WARNING: Could not lock System prefs. Unix error code 30939.
2024-03-10 17:39:54,710 [ERROR] LogOutputStream:75 - [STDERR_REDIRECT] 
2024-03-10 17:39:54,711 [ERROR] LogOutputStream:75 - [STDERR_REDIRECT] Mar 10, 2024 5:39:54 PM java.util.prefs.FileSystemPreferences syncWorld
2024-03-10 17:39:54,711 [ERROR] LogOutputStream:75 - [STDERR_REDIRECT] WARNING: Couldn't flush system prefs: java.util.prefs.BackingStoreException: Couldn't get file lock.
2024-03-10 17:39:54,711 [ERROR] LogOutputStream:75 - [STDERR_REDIRECT] 
2024-03-10 17:40:24,710 [ERROR] LogOutputStream:75 - [STDERR_REDIRECT] Mar 10, 2024 5:40:24 PM java.util.prefs.FileSystemPreferences checkLockFile0ErrorCode
2024-03-10 17:40:24,710 [ERROR] LogOutputStream:75 - [STDERR_REDIRECT] WARNING: Could not lock System prefs. Unix error code -95818884.
2024-03-10 17:40:24,710 [ERROR] LogOutputStream:75 - [STDERR_REDIRECT] 
2024-03-10 17:40:24,711 [ERROR] LogOutputStream:75 - [STDERR_REDIRECT] Mar 10, 2024 5:40:24 PM java.util.prefs.FileSystemPreferences syncWorld
2024-03-10 17:40:24,711 [ERROR] LogOutputStream:75 - [STDERR_REDIRECT] WARNING: Couldn't flush system prefs: java.util.prefs.BackingStoreException: Couldn't get file lock.
2024-03-10 17:40:24,711 [ERROR] LogOutputStream:75 - [STDERR_REDIRECT] 
2024-03-10 17:40:54,711 [ERROR] LogOutputStream:75 - [STDERR_REDIRECT] Mar 10, 2024 5:40:54 PM java.util.prefs.FileSystemPreferences checkLockFile0ErrorCode
2024-03-10 17:40:54,711 [ERROR] LogOutputStream:75 - [STDERR_REDIRECT] WARNING: Could not lock System prefs. Unix error code -95818884.
2024-03-10 17:40:54,712 [ERROR] LogOutputStream:75 - [STDERR_REDIRECT] 
2024-03-10 17:40:54,712 [ERROR] LogOutputStream:75 - [STDERR_REDIRECT] Mar 10, 2024 5:40:54 PM java.util.prefs.FileSystemPreferences syncWorld
2024-03-10 17:40:54,712 [ERROR] LogOutputStream:75 - [STDERR_REDIRECT] WARNING: Couldn't flush system prefs: java.util.prefs.BackingStoreException: Couldn't get file lock.
2024-03-10 17:40:54,712 [ERROR] LogOutputStream:75 - [STDERR_REDIRECT] 
2024-03-10 17:41:24,708 [ERROR] LogOutputStream:75 - [STDERR_REDIRECT] Mar 10, 2024 5:41:24 PM java.util.prefs.FileSystemPreferences checkLockFile0ErrorCode
2024-03-10 17:41:24,708 [ERROR] LogOutputStream:75 - [STDERR_REDIRECT] WARNING: Could not lock System prefs. Unix error code -95818884.
2024-03-10 17:41:24,708 [ERROR] LogOutputStream:75 - [STDERR_REDIRECT] 
2024-03-10 17:41:24,709 [ERROR] LogOutputStream:75 - [STDERR_REDIRECT] Mar 10, 2024 5:41:24 PM java.util.prefs.FileSystemPreferences syncWorld
2024-03-10 17:41:24,709 [ERROR] LogOutputStream:75 - [STDERR_REDIRECT] WARNING: Couldn't flush system prefs: java.util.prefs.BackingStoreException: Couldn't get file lock.
2024-03-10 17:41:24,709 [ERROR] LogOutputStream:75 - [STDERR_REDIRECT] 
2024-03-10 17:41:54,708 [ERROR] LogOutputStream:75 - [STDERR_REDIRECT] Mar 10, 2024 5:41:54 PM java.util.prefs.FileSystemPreferences checkLockFile0ErrorCode
2024-03-10 17:41:54,708 [ERROR] LogOutputStream:75 - [STDERR_REDIRECT] WARNING: Could not lock System prefs. Unix error code -95818884.
2024-03-10 17:41:54,708 [ERROR] LogOutputStream:75 - [STDERR_REDIRECT] 
2024-03-10 17:41:54,708 [ERROR] LogOutputStream:75 - [STDERR_REDIRECT] Mar 10, 2024 5:41:54 PM java.util.prefs.FileSystemPreferences syncWorld
2024-03-10 17:41:54,709 [ERROR] LogOutputStream:75 - [STDERR_REDIRECT] WARNING: Couldn't flush system prefs: java.util.prefs.BackingStoreException: Couldn't get file lock.
2024-03-10 17:41:54,709 [ERROR] LogOutputStream:75 - [STDERR_REDIRECT] 
2024-03-10 17:42:24,707 [ERROR] LogOutputStream:75 - [STDERR_REDIRECT] Mar 10, 2024 5:42:24 PM java.util.prefs.FileSystemPreferences checkLockFile0ErrorCode
2024-03-10 17:42:24,708 [ERROR] LogOutputStream:75 - [STDERR_REDIRECT] WARNING: Could not lock System prefs. Unix error code -95818884.
2024-03-10 17:42:24,708 [ERROR] LogOutputStream:75 - [STDERR_REDIRECT] 
2024-03-10 17:42:24,708 [ERROR] LogOutputStream:75 - [STDERR_REDIRECT] Mar 10, 2024 5:42:24 PM java.util.prefs.FileSystemPreferences syncWorld
2024-03-10 17:42:24,708 [ERROR] LogOutputStream:75 - [STDERR_REDIRECT] WARNING: Couldn't flush system prefs: java.util.prefs.BackingStoreException: Couldn't get file lock.
2024-03-10 17:42:24,708 [ERROR] LogOutputStream:75 - [STDERR_REDIRECT] 
2024-03-10 17:42:54,708 [ERROR] LogOutputStream:75 - [STDERR_REDIRECT] Mar 10, 2024 5:42:54 PM java.util.prefs.FileSystemPreferences checkLockFile0ErrorCode
2024-03-10 17:42:54,708 [ERROR] LogOutputStream:75 - [STDERR_REDIRECT] WARNING: Could not lock System prefs. Unix error code -95818884.
2024-03-10 17:42:54,709 [ERROR] LogOutputStream:75 - [STDERR_REDIRECT] 
2024-03-10 17:42:54,709 [ERROR] LogOutputStream:75 - [STDERR_REDIRECT] Mar 10, 2024 5:42:54 PM java.util.prefs.FileSystemPreferences syncWorld
2024-03-10 17:42:54,709 [ERROR] LogOutputStream:75 - [STDERR_REDIRECT] WARNING: Couldn't flush system prefs: java.util.prefs.BackingStoreException: Couldn't get file lock.
2024-03-10 17:42:54,709 [ERROR] LogOutputStream:75 - [STDERR_REDIRECT] 
2024-03-10 17:43:24,709 [ERROR] LogOutputStream:75 - [STDERR_REDIRECT] Mar 10, 2024 5:43:24 PM java.util.prefs.FileSystemPreferences checkLockFile0ErrorCode
2024-03-10 17:43:24,709 [ERROR] LogOutputStream:75 - [STDERR_REDIRECT] WARNING: Could not lock System prefs. Unix error code -95818884.
2024-03-10 17:43:24,709 [ERROR] LogOutputStream:75 - [STDERR_REDIRECT] 
2024-03-10 17:43:24,710 [ERROR] LogOutputStream:75 - [STDERR_REDIRECT] Mar 10, 2024 5:43:24 PM java.util.prefs.FileSystemPreferences syncWorld
2024-03-10 17:43:24,710 [ERROR] LogOutputStream:75 - [STDERR_REDIRECT] WARNING: Couldn't flush system prefs: java.util.prefs.BackingStoreException: Couldn't get file lock.
2024-03-10 17:43:24,710 [ERROR] LogOutputStream:75 - [STDERR_REDIRECT] 
2024-03-10 17:43:54,708 [ERROR] LogOutputStream:75 - [STDERR_REDIRECT] Mar 10, 2024 5:43:54 PM java.util.prefs.FileSystemPreferences checkLockFile0ErrorCode
2024-03-10 17:43:54,709 [ERROR] LogOutputStream:75 - [STDERR_REDIRECT] WARNING: Could not lock System prefs. Unix error code -95818884.
2024-03-10 17:43:54,709 [ERROR] LogOutputStream:75 - [STDERR_REDIRECT] 
2024-03-10 17:43:54,709 [ERROR] LogOutputStream:75 - [STDERR_REDIRECT] Mar 10, 2024 5:43:54 PM java.util.prefs.FileSystemPreferences syncWorld
2024-03-10 17:43:54,710 [ERROR] LogOutputStream:75 - [STDERR_REDIRECT] WARNING: Couldn't flush system prefs: java.util.prefs.BackingStoreException: Couldn't get file lock.
2024-03-10 17:43:54,710 [ERROR] LogOutputStream:75 - [STDERR_REDIRECT] 
2024-03-10 17:44:24,708 [ERROR] LogOutputStream:75 - [STDERR_REDIRECT] Mar 10, 2024 5:44:24 PM java.util.prefs.FileSystemPreferences checkLockFile0ErrorCode
2024-03-10 17:44:24,708 [ERROR] LogOutputStream:75 - [STDERR_REDIRECT] WARNING: Could not lock System prefs. Unix error code -95818884.
2024-03-10 17:44:24,709 [ERROR] LogOutputStream:75 - [STDERR_REDIRECT] 
2024-03-10 17:44:24,709 [ERROR] LogOutputStream:75 - [STDERR_REDIRECT] Mar 10, 2024 5:44:24 PM java.util.prefs.FileSystemPreferences syncWorld
2024-03-10 17:44:24,709 [ERROR] LogOutputStream:75 - [STDERR_REDIRECT] WARNING: Couldn't flush system prefs: java.util.prefs.BackingStoreException: Couldn't get file lock.
2024-03-10 17:44:24,709 [ERROR] LogOutputStream:75 - [STDERR_REDIRECT] 
